mode: set
c4tui/config/config.go:43.23,67.2 1 1
c4tui/config/config.go:70.23,73.43 2 1
c4tui/config/config.go:73.43,75.3 1 1
c4tui/config/config.go:76.2,76.47 1 1
c4tui/config/config.go:76.47,77.50 1 1
c4tui/config/config.go:77.50,79.4 1 1
c4tui/config/config.go:81.2,81.45 1 1
c4tui/config/config.go:81.45,82.44 1 0
c4tui/config/config.go:82.44,84.4 1 0
c4tui/config/config.go:86.2,86.49 1 1
c4tui/config/config.go:86.49,87.50 1 0
c4tui/config/config.go:87.50,89.4 1 0
c4tui/config/config.go:91.2,91.49 1 1
c4tui/config/config.go:91.49,92.44 1 1
c4tui/config/config.go:92.44,94.4 1 1
c4tui/config/config.go:96.2,96.43 1 1
c4tui/config/config.go:96.43,98.3 1 0
c4tui/config/config.go:99.2,99.46 1 1
c4tui/config/config.go:99.46,101.3 1 0
c4tui/config/config.go:103.2,103.12 1 1
c4tui/config/config.go:107.34,108.25 1 1
c4tui/config/config.go:108.25,110.3 1 1
c4tui/config/config.go:111.2,111.35 1 1
c4tui/config/config.go:111.35,113.3 1 1
c4tui/config/config.go:114.2,114.31 1 1
c4tui/config/config.go:114.31,116.3 1 1
c4tui/config/config.go:117.2,117.12 1 1
c4tui/splash/ascii_art.go:20.36,22.2 1 1
c4tui/splash/ascii_art.go:67.51,68.12 1 1
c4tui/splash/ascii_art.go:68.12,70.3 1 0
c4tui/splash/ascii_art.go:71.2,71.13 1 1
c4tui/splash/ascii_art.go:71.13,73.3 1 1
c4tui/splash/ascii_art.go:74.2,79.30 5 1
c4tui/splash/ascii_art.go:84.81,85.12 1 1
c4tui/splash/ascii_art.go:85.12,87.3 1 0
c4tui/splash/ascii_art.go:88.2,95.29 4 1
c4tui/splash/ascii_art.go:95.29,97.24 2 1
c4tui/splash/ascii_art.go:97.24,98.46 1 1
c4tui/splash/ascii_art.go:98.46,100.5 1 1
c4tui/splash/ascii_art.go:102.3,102.27 1 1
c4tui/splash/ascii_art.go:106.2,107.13 2 1
c4tui/splash/ascii_art.go:107.13,109.3 1 1
c4tui/splash/ascii_art.go:109.8,111.3 1 1
c4tui/splash/ascii_art.go:112.2,114.47 2 1
c4tui/splash/ascii_art.go:119.45,121.26 2 1
c4tui/splash/ascii_art.go:121.26,122.35 1 1
c4tui/splash/ascii_art.go:122.35,124.4 1 1
c4tui/splash/ascii_art.go:126.2,127.26 2 1
c4tui/splash/ascii_art.go:127.26,128.35 1 1
c4tui/splash/ascii_art.go:128.35,130.4 1 1
c4tui/splash/ascii_art.go:131.3,131.13 1 1
c4tui/splash/ascii_art.go:133.2,133.12 1 1
c4tui/splash/ascii_art.go:140.50,141.12 1 1
c4tui/splash/ascii_art.go:141.12,143.3 1 0
c4tui/splash/ascii_art.go:144.2,144.21 1 1
c4tui/splash/ascii_art.go:144.21,148.3 2 1
c4tui/splash/ascii_art.go:149.2,151.30 3 1
c4tui/splash/ascii_art.go:151.30,153.3 1 1
c4tui/splash/ascii_art.go:154.2,155.12 2 1
c4tui/splash/splash.go:54.18,59.2 1 1
c4tui/splash/splash.go:62.21,62.41 1 0
c4tui/splash/splash.go:67.31,69.52 1 1
c4tui/splash/splash.go:69.52,71.4 1 0
c4tui/splash/splash.go:79.57,80.27 1 1
c4tui/splash/splash.go:81.18,82.23 1 1
c4tui/splash/splash.go:83.17,84.22 1 1
c4tui/splash/splash.go:85.16,86.28 1 1
c4tui/splash/splash.go:86.28,88.30 2 1
c4tui/splash/splash.go:88.30,88.50 1 0
c4tui/splash/splash.go:90.11,92.28 1 1
c4tui/splash/splash.go:92.28,94.5 1 1
c4tui/splash/splash.go:97.25,100.27 3 1
c4tui/splash/splash.go:100.27,102.4 1 1
c4tui/splash/splash.go:102.9,102.35 1 1
c4tui/splash/splash.go:102.35,110.64 5 1
c4tui/splash/splash.go:110.64,112.5 1 1
c4tui/splash/splash.go:114.3,114.16 1 1
c4tui/splash/splash.go:116.24,117.52 1 0
c4tui/splash/splash.go:117.52,119.4 1 0
c4tui/splash/splash.go:120.3,120.27 1 0
c4tui/splash/splash.go:122.23,124.40 2 0
c4tui/splash/splash.go:124.40,127.4 2 0
c4tui/splash/splash.go:128.3,129.27 2 0
c4tui/splash/splash.go:131.23,132.35 1 1
c4tui/splash/splash.go:132.35,135.4 2 1
c4tui/splash/splash.go:136.3,136.16 1 0
c4tui/splash/splash.go:138.20,139.27 1 0
c4tui/splash/splash.go:139.27,142.4 2 0
c4tui/splash/splash.go:143.3,143.16 1 0
c4tui/splash/splash.go:145.15,147.16 2 0
c4tui/splash/splash.go:150.2,150.15 1 1
c4tui/splash/splash.go:154.49,164.2 8 1
c4tui/splash/splash.go:167.38,168.23 1 1
c4tui/splash/splash.go:168.23,170.3 1 0
c4tui/splash/splash.go:172.2,172.42 1 1
c4tui/splash/splash.go:176.33,178.2 1 1
c4tui/splash/splash.go:183.36,184.49 1 0
c4tui/splash/splash.go:184.49,186.3 1 0
c4tui/splash/splash.go:188.2,189.31 2 0
c4tui/splash/splash.go:189.31,191.3 1 0
c4tui/splash/splash.go:192.2,192.17 1 0
c4tui/splash/splash.go:192.17,194.3 1 0
c4tui/splash/splash.go:196.2,198.29 3 0
c4tui/splash/splash.go:198.29,200.3 1 0
c4tui/splash/splash.go:202.2,210.39 7 0
c4tui/splash/splash.go:210.39,212.15 2 0
c4tui/splash/splash.go:212.15,214.4 1 0
c4tui/splash/splash.go:216.3,216.24 1 0
c4tui/splash/splash.go:216.24,218.4 1 0
c4tui/splash/splash.go:218.9,220.4 1 0
c4tui/splash/splash.go:225.37,226.12 1 1
c4tui/splash/splash.go:226.12,228.3 1 1
c4tui/splash/splash.go:229.2,229.12 1 1
c4tui/splash/splash.go:229.12,231.3 1 1
c4tui/splash/splash.go:232.2,232.24 1 1
c4tui/splash/splash.go:235.74,236.22 1 1
c4tui/splash/splash.go:236.22,238.3 1 0
c4tui/splash/splash.go:239.2,241.21 3 1
c4tui/splash/splash.go:241.21,243.3 1 1
c4tui/splash/splash.go:245.2,247.41 3 1
c4tui/splash/splash.go:247.41,249.3 1 1
c4tui/splash/splash.go:250.2,250.41 1 1
c4tui/splash/splash.go:250.41,252.3 1 0
c4tui/splash/splash.go:255.2,256.17 2 1
c4tui/splash/splash.go:256.17,258.3 1 0
c4tui/splash/splash.go:259.2,260.19 2 1
c4tui/splash/splash.go:260.19,262.3 1 1
c4tui/splash/splash.go:263.2,267.33 4 1
c4tui/splash/splash.go:267.33,268.38 1 1
c4tui/splash/splash.go:268.38,271.4 2 0
c4tui/splash/splash.go:271.9,271.35 1 1
c4tui/splash/splash.go:271.35,272.27 1 1
c4tui/splash/splash.go:272.27,274.5 1 0
c4tui/splash/splash.go:274.10,276.5 1 1
c4tui/splash/splash.go:277.9,278.27 1 1
c4tui/splash/splash.go:278.27,280.5 1 0
c4tui/splash/splash.go:280.10,282.5 1 1
c4tui/splash/splash.go:285.2,285.23 1 1
c4tui/splash/splash.go:288.65,289.22 1 0
c4tui/splash/splash.go:289.22,291.3 1 0
c4tui/splash/splash.go:292.2,294.23 3 0
c4tui/splash/splash.go:294.23,295.46 1 0
c4tui/splash/splash.go:295.46,297.4 1 0
c4tui/splash/splash.go:299.2,299.22 1 0
c4tui/splash/splash.go:305.35,306.17 1 1
c4tui/splash/splash.go:307.17,308.39 1 1
c4tui/splash/splash.go:308.39,310.4 1 1
c4tui/splash/splash.go:311.3,311.27 1 1
c4tui/splash/splash.go:312.18,313.22 1 1
c4tui/splash/splash.go:314.17,315.23 1 1
c4tui/splash/splash.go:315.23,317.4 1 1
c4tui/splash/splash.go:318.3,318.54 1 1
c4tui/splash/splash.go:320.2,320.19 1 0
c4tui/splash/splash.go:324.58,326.17 2 1
c4tui/splash/splash.go:326.17,328.3 1 0
c4tui/splash/splash.go:329.2,331.47 3 1
c4tui/splash/splash.go:331.47,333.24 2 1
c4tui/splash/splash.go:333.24,334.42 1 1
c4tui/splash/splash.go:334.42,337.67 1 1
c4tui/splash/splash.go:337.67,338.25 1 1
c4tui/splash/splash.go:338.25,340.7 1 1
c4tui/splash/splash.go:340.12,342.7 1 1
c4tui/splash/splash.go:346.3,346.25 1 1
c4tui/splash/splash.go:348.2,348.12 1 1
c4tui/splash/splash.go:352.36,353.19 1 1
c4tui/splash/splash.go:353.19,355.3 1 0
c4tui/splash/splash.go:356.2,356.28 1 1
c4tui/splash/splash.go:360.35,361.19 1 1
c4tui/splash/splash.go:361.19,363.3 1 1
c4tui/splash/splash.go:364.2,364.25 1 1
c4tui/splash/splash.go:369.77,370.19 1 1
c4tui/splash/splash.go:370.19,372.32 2 1
c4tui/splash/splash.go:372.32,374.4 1 0
c4tui/splash/splash.go:375.3,376.38 2 1
c4tui/splash/splash.go:379.2,383.33 4 1
c4tui/splash/splash.go:383.33,387.22 3 1
c4tui/splash/splash.go:387.22,389.4 1 0
c4tui/splash/splash.go:390.3,390.51 1 1
c4tui/splash/splash.go:394.2,398.8 5 1
c4tui/splash/splash.go:404.41,405.19 1 1
c4tui/splash/splash.go:405.19,407.3 1 1
c4tui/splash/splash.go:409.2,422.29 9 1
c4tui/splash/splash.go:422.29,424.17 2 0
c4tui/splash/splash.go:424.17,426.4 1 0
c4tui/splash/splash.go:427.3,427.25 1 0
c4tui/splash/splash.go:427.25,429.4 1 0
c4tui/splash/splash.go:433.2,434.20 2 1
c4tui/splash/splash.go:434.20,436.3 1 0
c4tui/splash/splash.go:439.2,440.21 2 1
c4tui/splash/splash.go:440.21,444.3 3 1
c4tui/splash/splash.go:444.8,448.22 4 1
c4tui/splash/splash.go:448.22,450.4 1 0
c4tui/splash/splash.go:454.2,456.17 3 1
c4tui/splash/splash.go:456.17,459.3 2 0
c4tui/splash/splash.go:460.2,460.21 1 1
c4tui/splash/splash.go:460.21,462.3 1 0
c4tui/splash/splash.go:464.2,464.45 1 1
c4tui/splash/splash.go:468.34,469.38 1 1
c4tui/splash/splash.go:469.38,471.3 1 1
c4tui/splash/splash.go:472.2,472.21 1 1
c4tui/splash/splash.go:476.33,478.2 1 1
c4tui/splash/splash.go:490.32,491.19 1 1
c4tui/splash/splash.go:491.19,492.28 1 1
c4tui/splash/splash.go:492.28,494.4 1 1
c4tui/splash/splash.go:495.3,495.18 1 0
c4tui/splash/splash.go:498.2,506.38 6 1
c4tui/splash/splash.go:506.38,508.3 1 1
c4tui/splash/splash.go:509.2,509.20 1 1
c4tui/splash/splash.go:509.20,511.3 1 1
c4tui/splash/splash.go:514.2,514.27 1 1
c4tui/splash/splash.go:514.27,516.3 1 1
c4tui/splash/splash.go:517.2,517.17 1 0
c4tui/splash/splash.go:524.45,526.19 2 1
c4tui/splash/splash.go:526.19,528.3 1 0
c4tui/splash/splash.go:529.2,532.47 4 1
c4tui/splash/splash.go:532.47,534.3 1 0
c4tui/splash/splash.go:535.2,535.70 1 1
c4tui/splash/splash.go:539.39,544.2 4 1
c4tui/splash/splash.go:547.51,554.2 6 1
c4tui/splash/splash.go:557.68,558.31 1 1
c4tui/splash/splash.go:558.31,560.3 1 1
c4tui/splash/splash.go:562.2,563.68 2 1
c4tui/splash/splash.go:575.30,576.35 1 1
c4tui/splash/splash.go:576.35,578.3 1 0
c4tui/splash/splash.go:580.2,588.17 6 1
c4tui/splash/splash.go:589.17,590.24 1 1
c4tui/splash/splash.go:591.18,593.46 2 1
c4tui/splash/splash.go:593.46,595.4 1 1
c4tui/splash/splash.go:596.3,598.33 3 1
c4tui/splash/splash.go:598.33,600.4 1 1
c4tui/splash/splash.go:601.17,603.33 2 1
c4tui/splash/splash.go:603.33,604.11 1 1
c4tui/splash/splash.go:605.21,606.61 1 1
c4tui/splash/splash.go:607.70,608.63 1 1
c4tui/splash/splash.go:609.12,610.59 1 1
c4tui/splash/splash.go:616.2,624.26 4 1
c4tui/splash/splash.go:624.26,630.3 5 1
c4tui/splash/splash.go:632.2,639.17 4 1
c4tui/splash/splash.go:640.17,642.21 2 1
c4tui/splash/splash.go:642.21,644.4 1 1
c4tui/splash/splash.go:645.18,646.129 1 1
c4tui/splash/splash.go:647.17,649.122 2 1
c4tui/splash/splash.go:652.2,652.18 1 1
c4tui/splash/splash.go:652.18,654.3 1 1
c4tui/splash/splash.go:655.2,655.18 1 1
c4tui/splash/splash.go:655.18,657.3 1 1
c4tui/splash/splash.go:661.2,662.26 2 1
c4tui/splash/splash.go:662.26,664.3 1 1
c4tui/splash/splash.go:666.2,669.26 3 1
c4tui/splash/splash.go:669.26,673.24 3 1
c4tui/splash/splash.go:673.24,676.4 2 1
c4tui/splash/splash.go:676.9,679.4 1 1
c4tui/splash/splash.go:680.3,680.17 1 1
c4tui/splash/splash.go:680.17,682.4 1 1
c4tui/splash/splash.go:686.3,689.25 4 1
c4tui/splash/splash.go:689.25,691.4 1 0
c4tui/splash/splash.go:692.3,692.38 1 1
c4tui/splash/splash.go:692.38,694.4 1 0
c4tui/splash/splash.go:697.3,698.30 2 1
c4tui/splash/splash.go:698.30,700.18 2 1
c4tui/splash/splash.go:700.18,702.5 1 1
c4tui/splash/splash.go:704.3,704.53 1 1
c4tui/splash/splash.go:704.53,706.18 2 1
c4tui/splash/splash.go:706.18,709.5 2 0
c4tui/splash/splash.go:710.4,710.32 1 1
c4tui/splash/splash.go:710.32,712.5 1 1
c4tui/splash/splash.go:714.8,719.25 3 1
c4tui/splash/splash.go:719.25,721.4 1 0
c4tui/splash/splash.go:724.3,725.17 2 1
c4tui/splash/splash.go:725.17,727.4 1 0
c4tui/splash/splash.go:730.3,731.58 2 1
c4tui/splash/splash.go:731.58,733.18 2 0
c4tui/splash/splash.go:733.18,736.5 2 0
c4tui/splash/splash.go:737.4,737.32 1 0
c4tui/splash/splash.go:737.32,739.5 1 0
c4tui/splash/splash.go:741.4,742.18 2 0
c4tui/splash/splash.go:742.18,744.5 1 0
c4tui/splash/splash.go:748.2,749.30 2 1
c4tui/splash/splash.go:749.30,751.3 1 1
c4tui/splash/splash.go:754.2,755.34 2 1
c4tui/splash/splash.go:755.34,756.49 1 1
c4tui/splash/splash.go:756.49,758.4 1 1
c4tui/splash/splash.go:760.2,761.27 2 1
c4tui/splash/splash.go:761.27,763.3 1 1
c4tui/splash/splash.go:765.2,766.34 2 1
c4tui/splash/splash.go:766.34,768.3 1 1
c4tui/splash/splash.go:769.2,769.35 1 1
c4tui/splash/splash.go:769.35,771.3 1 1
c4tui/splash/splash.go:772.2,773.33 2 1
c4tui/splash/splash.go:773.33,775.3 1 1
c4tui/splash/splash.go:776.2,776.35 1 1
c4tui/splash/splash.go:780.35,782.2 1 1
c4tui/splash/splash.go:795.40,796.58 1 1
c4tui/splash/splash.go:796.58,798.3 1 0
c4tui/splash/splash.go:801.32,802.62 1 1
c4tui/splash/splash.go:802.62,804.3 1 0
c4tui/splash/splash.go:807.29,808.59 1 0
c4tui/splash/splash.go:808.59,810.3 1 0
c4tui/styles/theme.go:155.13,155.29 1 1
c4tui/styles/theme.go:157.27,192.2 31 1
c4tui/styles/theme.go:194.19,198.2 3 1
c4tui/styles/theme.go:201.24,206.2 4 1
c4tui/styles/theme.go:209.25,212.30 3 1
c4tui/styles/theme.go:212.30,213.33 1 1
c4tui/styles/theme.go:213.33,217.4 3 1
c4tui/styles/theme.go:219.2,221.20 3 0
c4tui/styles/theme.go:228.46,235.2 1 0
c4tui/styles/theme.go:238.29,238.50 1 0
c4tui/styles/theme.go:241.32,241.56 1 0
c4tui/styles/theme.go:244.31,244.54 1 0
c4tui/styles/theme.go:245.31,245.54 1 0
c4tui/styles/theme.go:246.31,246.52 1 0
c4tui/styles/theme.go:249.36,249.56 1 0
c4tui/styles/theme.go:250.36,250.58 1 0
c4tui/styles/theme.go:251.36,251.57 1 0
c4tui/styles/theme.go:252.36,252.59 1 0
c4tui/styles/theme.go:255.35,255.57 1 0
c4tui/styles/theme.go:258.36,258.59 1 0
c4tui/styles/theme.go:261.45,261.76 1 0
c4tui/styles/theme.go:262.45,262.77 1 0
c4tui/styles/theme.go:263.45,263.77 1 0
c4tui/styles/theme.go:264.45,264.75 1 0
c4tui/styles/theme.go:265.45,265.76 1 0
c4tui/styles/theme.go:266.45,266.76 1 0
c4tui/styles/theme.go:269.44,269.75 1 0
c4tui/styles/theme.go:270.44,270.75 1 0
c4tui/styles/theme.go:271.44,271.74 1 0
c4tui/screens/bibliography.go:21.66,23.62 2 0
c4tui/screens/bibliography.go:23.62,24.28 1 0
c4tui/screens/bibliography.go:24.28,25.48 1 0
c4tui/screens/bibliography.go:25.48,27.5 1 0
c4tui/screens/bibliography.go:30.2,30.39 1 0
c4tui/screens/bibliography.go:33.38,33.63 1 0
c4tui/screens/bibliography.go:34.38,34.55 1 0
c4tui/screens/bibliography.go:36.38,36.52 1 0
c4tui/screens/bibliography.go:38.64,39.27 1 0
c4tui/screens/bibliography.go:40.25,43.16 3 0
c4tui/screens/bibliography.go:44.18,45.52 1 0
c4tui/screens/bibliography.go:45.52,48.4 2 0
c4tui/screens/bibliography.go:50.2,50.15 1 0
c4tui/screens/bibliography.go:53.37,54.18 1 0
c4tui/screens/bibliography.go:54.18,56.3 1 0
c4tui/screens/bibliography.go:58.2,60.25 2 0
c4tui/screens/bibliography.go:60.25,63.3 2 0
c4tui/screens/bibliography.go:65.2,69.30 4 0
c4tui/screens/bibliography.go:69.30,72.46 3 0
c4tui/screens/bibliography.go:72.46,74.4 1 0
c4tui/screens/bibliography.go:75.3,76.60 2 0
c4tui/screens/bibliography.go:76.60,78.4 1 0
c4tui/screens/bibliography.go:79.3,80.24 2 0
c4tui/screens/bibliography.go:80.24,82.4 1 0
c4tui/screens/bibliography.go:84.3,90.40 3 0
c4tui/screens/bibliography.go:90.40,92.4 1 0
c4tui/screens/bibliography.go:93.3,93.30 1 0
c4tui/screens/bibliography.go:96.2,105.29 2 0
c4tui/screens/bibliography.go:108.56,121.2 2 0
c4tui/screens/cache.go:20.41,20.68 1 0
c4tui/screens/cache.go:22.40,22.68 1 0
c4tui/screens/cache.go:23.40,23.57 1 0
c4tui/screens/cache.go:25.40,25.54 1 0
c4tui/screens/cache.go:27.66,28.27 1 0
c4tui/screens/cache.go:29.25,32.16 3 0
c4tui/screens/cache.go:33.18,34.52 1 0
c4tui/screens/cache.go:34.52,37.4 2 0
c4tui/screens/cache.go:39.2,39.15 1 0
c4tui/screens/cache.go:42.39,43.18 1 0
c4tui/screens/cache.go:43.18,45.3 1 0
c4tui/screens/cache.go:47.2,82.3 7 0
c4tui/screens/dashboard.go:22.52,23.18 1 0
c4tui/screens/dashboard.go:23.18,25.3 1 0
c4tui/screens/dashboard.go:26.2,26.32 1 0
c4tui/screens/dashboard.go:29.35,29.57 1 0
c4tui/screens/dashboard.go:30.35,30.52 1 0
c4tui/screens/dashboard.go:32.35,32.49 1 0
c4tui/screens/dashboard.go:34.61,35.27 1 0
c4tui/screens/dashboard.go:36.25,39.16 3 0
c4tui/screens/dashboard.go:40.18,41.52 1 0
c4tui/screens/dashboard.go:41.52,44.4 2 0
c4tui/screens/dashboard.go:46.2,46.15 1 0
c4tui/screens/dashboard.go:49.34,50.18 1 0
c4tui/screens/dashboard.go:50.18,52.3 1 0
c4tui/screens/dashboard.go:54.2,107.3 9 0
c4tui/screens/dashboard.go:110.70,111.22 1 0
c4tui/screens/dashboard.go:111.22,113.3 1 0
c4tui/screens/dashboard.go:114.2,116.27 3 0
c4tui/screens/dashboard.go:116.27,118.19 2 0
c4tui/screens/dashboard.go:118.19,120.4 1 0
c4tui/screens/dashboard.go:121.3,121.31 1 0
c4tui/screens/dashboard.go:123.2,123.84 1 0
c4tui/screens/dashboard.go:126.72,136.22 4 0
c4tui/screens/dashboard.go:136.22,138.3 1 0
c4tui/screens/dashboard.go:138.8,139.28 1 0
c4tui/screens/dashboard.go:139.28,144.25 5 0
c4tui/screens/dashboard.go:144.25,146.5 1 0
c4tui/screens/dashboard.go:146.10,146.30 1 0
c4tui/screens/dashboard.go:146.30,148.5 1 0
c4tui/screens/dashboard.go:148.10,150.5 1 0
c4tui/screens/dashboard.go:151.4,152.14 2 0
c4tui/screens/dashboard.go:152.14,158.5 1 0
c4tui/screens/dashboard.go:158.10,160.5 1 0
c4tui/screens/dashboard.go:161.4,161.29 1 0
c4tui/screens/dashboard.go:165.2,170.3 1 0
c4tui/screens/dashboard.go:173.56,177.17 2 0
c4tui/screens/dashboard.go:177.17,179.3 1 0
c4tui/screens/dashboard.go:180.2,189.18 3 0
c4tui/screens/dashboard.go:192.71,193.22 1 0
c4tui/screens/dashboard.go:193.22,195.3 1 0
c4tui/screens/dashboard.go:196.2,197.27 2 0
c4tui/screens/dashboard.go:197.27,198.44 1 0
c4tui/screens/dashboard.go:198.44,200.4 1 0
c4tui/screens/dashboard.go:202.2,202.48 1 0
c4tui/screens/diagnostic.go:31.55,41.2 1 0
c4tui/screens/diagnostic.go:43.36,43.59 1 0
c4tui/screens/diagnostic.go:44.36,44.53 1 0
c4tui/screens/diagnostic.go:46.36,47.66 1 0
c4tui/screens/diagnostic.go:47.66,49.3 1 0
c4tui/screens/diagnostic.go:52.62,53.27 1 0
c4tui/screens/diagnostic.go:54.25,57.16 3 0
c4tui/screens/diagnostic.go:58.18,59.52 1 0
c4tui/screens/diagnostic.go:59.52,62.4 2 0
c4tui/screens/diagnostic.go:63.19,64.29 1 0
c4tui/screens/diagnostic.go:64.29,67.62 1 0
c4tui/screens/diagnostic.go:67.62,69.6 1 0
c4tui/screens/diagnostic.go:72.3,73.16 2 0
c4tui/screens/diagnostic.go:74.21,75.45 1 0
c4tui/screens/diagnostic.go:75.45,78.4 2 0
c4tui/screens/diagnostic.go:79.3,79.16 1 0
c4tui/screens/diagnostic.go:81.2,81.15 1 0
c4tui/screens/diagnostic.go:84.49,85.24 1 0
c4tui/screens/diagnostic.go:85.24,88.14 3 0
c4tui/screens/diagnostic.go:89.10,90.23 1 0
c4tui/screens/diagnostic.go:90.23,92.11 2 0
c4tui/screens/diagnostic.go:92.11,94.6 1 0
c4tui/screens/diagnostic.go:95.5,95.67 1 0
c4tui/screens/diagnostic.go:97.4,97.71 1 0
c4tui/screens/diagnostic.go:98.10,99.23 1 0
c4tui/screens/diagnostic.go:99.23,101.19 2 0
c4tui/screens/diagnostic.go:101.19,103.6 1 0
c4tui/screens/diagnostic.go:104.5,104.72 1 0
c4tui/screens/diagnostic.go:106.4,106.71 1 0
c4tui/screens/diagnostic.go:107.10,108.23 1 0
c4tui/screens/diagnostic.go:108.23,110.19 2 0
c4tui/screens/diagnostic.go:110.19,112.6 1 0
c4tui/screens/diagnostic.go:113.5,113.72 1 0
c4tui/screens/diagnostic.go:115.4,115.71 1 0
c4tui/screens/diagnostic.go:116.10,117.23 1 0
c4tui/screens/diagnostic.go:117.23,119.19 2 0
c4tui/screens/diagnostic.go:119.19,121.6 1 0
c4tui/screens/diagnostic.go:122.5,122.72 1 0
c4tui/screens/diagnostic.go:124.4,124.71 1 0
c4tui/screens/diagnostic.go:126.3,126.73 1 0
c4tui/screens/diagnostic.go:130.44,132.28 2 0
c4tui/screens/diagnostic.go:132.28,133.25 1 0
c4tui/screens/diagnostic.go:133.25,135.4 1 0
c4tui/screens/diagnostic.go:137.2,137.9 1 0
c4tui/screens/diagnostic.go:138.19,139.64 1 0
c4tui/screens/diagnostic.go:140.19,141.65 1 0
c4tui/screens/diagnostic.go:142.10,143.68 1 0
c4tui/screens/diagnostic.go:147.35,148.18 1 0
c4tui/screens/diagnostic.go:148.18,150.3 1 0
c4tui/screens/diagnostic.go:152.2,156.28 4 0
c4tui/screens/diagnostic.go:156.28,158.19 2 0
c4tui/screens/diagnostic.go:159.15,160.90 1 0
c4tui/screens/diagnostic.go:161.15,162.88 1 0
c4tui/screens/diagnostic.go:163.11,164.92 1 0
c4tui/screens/diagnostic.go:166.3,166.95 1 0
c4tui/screens/diagnostic.go:169.2,170.16 2 0
c4tui/screens/diagnostic.go:170.16,172.3 1 0
c4tui/screens/diagnostic.go:172.8,174.3 1 0
c4tui/screens/diagnostic.go:176.2,188.15 3 0
c4tui/screens/diagnostic.go:188.15,190.3 1 0
c4tui/screens/diagnostic.go:191.2,191.15 1 0
c4tui/screens/diagnostic.go:191.15,193.3 1 0
c4tui/screens/diagnostic.go:194.2,206.3 2 0
c4tui/screens/dissertation.go:21.66,23.2 1 0
c4tui/screens/dissertation.go:25.38,25.63 1 0
c4tui/screens/dissertation.go:26.38,26.55 1 0
c4tui/screens/dissertation.go:28.38,28.52 1 0
c4tui/screens/dissertation.go:30.64,31.27 1 0
c4tui/screens/dissertation.go:32.25,35.16 3 0
c4tui/screens/dissertation.go:36.18,37.52 1 0
c4tui/screens/dissertation.go:37.52,40.4 2 0
c4tui/screens/dissertation.go:42.2,42.15 1 0
c4tui/screens/dissertation.go:45.37,46.18 1 0
c4tui/screens/dissertation.go:46.18,48.3 1 0
c4tui/screens/dissertation.go:49.2,49.21 1 0
c4tui/screens/dissertation.go:49.21,51.3 1 0
c4tui/screens/dissertation.go:53.2,60.53 5 0
c4tui/screens/dissertation.go:60.53,64.3 3 0
c4tui/screens/dissertation.go:67.2,67.53 1 0
c4tui/screens/dissertation.go:67.53,70.3 2 0
c4tui/screens/dissertation.go:73.2,73.77 1 0
c4tui/screens/dissertation.go:73.77,75.26 2 0
c4tui/screens/dissertation.go:75.26,76.48 1 0
c4tui/screens/dissertation.go:76.48,79.5 2 0
c4tui/screens/dissertation.go:81.3,81.34 1 0
c4tui/screens/dissertation.go:82.8,82.75 1 0
c4tui/screens/dissertation.go:82.75,84.43 2 0
c4tui/screens/dissertation.go:84.43,86.4 1 0
c4tui/screens/dissertation.go:87.3,87.34 1 0
c4tui/screens/dissertation.go:91.2,91.83 1 0
c4tui/screens/dissertation.go:91.83,93.28 2 0
c4tui/screens/dissertation.go:93.28,94.48 1 0
c4tui/screens/dissertation.go:94.48,97.5 2 0
c4tui/screens/dissertation.go:99.3,99.34 1 0
c4tui/screens/dissertation.go:103.2,103.73 1 0
c4tui/screens/dissertation.go:103.73,105.28 2 0
c4tui/screens/dissertation.go:105.28,107.4 1 0
c4tui/screens/dissertation.go:108.3,108.34 1 0
c4tui/screens/dissertation.go:112.2,112.29 1 0
c4tui/screens/dissertation.go:112.29,114.71 1 0
c4tui/screens/dissertation.go:114.71,115.12 1 0
c4tui/screens/dissertation.go:117.3,119.34 3 0
c4tui/screens/dissertation.go:122.2,138.3 4 0
c4tui/screens/dissertation.go:141.53,149.2 2 0
c4tui/screens/export.go:43.66,53.2 1 1
c4tui/screens/export.go:55.38,55.57 1 1
c4tui/screens/export.go:56.38,56.55 1 1
c4tui/screens/export.go:58.38,58.52 1 0
c4tui/screens/export.go:60.64,61.27 1 0
c4tui/screens/export.go:62.25,65.16 3 0
c4tui/screens/export.go:66.18,67.23 1 0
c4tui/screens/export.go:68.19,70.17 2 0
c4tui/screens/export.go:71.18,72.20 1 0
c4tui/screens/export.go:72.20,74.5 1 0
c4tui/screens/export.go:75.20,76.35 1 0
c4tui/screens/export.go:76.35,78.5 1 0
c4tui/screens/export.go:79.16,80.35 1 0
c4tui/screens/export.go:83.2,83.15 1 0
c4tui/screens/export.go:86.50,87.24 1 0
c4tui/screens/export.go:87.24,89.17 2 0
c4tui/screens/export.go:89.17,91.4 1 0
c4tui/screens/export.go:92.3,93.51 2 0
c4tui/screens/export.go:93.51,95.4 1 0
c4tui/screens/export.go:97.3,101.14 4 0
c4tui/screens/export.go:102.10,104.30 2 0
c4tui/screens/export.go:105.10,107.26 2 0
c4tui/screens/export.go:108.10,110.26 2 0
c4tui/screens/export.go:111.10,113.28 2 0
c4tui/screens/export.go:114.11,115.82 1 0
c4tui/screens/export.go:118.3,118.17 1 0
c4tui/screens/export.go:118.17,120.4 1 0
c4tui/screens/export.go:121.3,121.56 1 0
c4tui/screens/export.go:121.56,123.4 1 0
c4tui/screens/export.go:124.3,124.37 1 0
c4tui/screens/export.go:128.52,132.29 4 0
c4tui/screens/export.go:132.29,134.3 1 0
c4tui/screens/export.go:135.2,135.15 1 0
c4tui/screens/export.go:138.48,140.2 1 1
c4tui/screens/export.go:142.48,150.29 8 1
c4tui/screens/export.go:150.29,153.3 2 1
c4tui/screens/export.go:154.2,155.32 2 1
c4tui/screens/export.go:159.36,173.2 2 1
c4tui/screens/export.go:175.50,182.30 5 1
c4tui/screens/export.go:182.30,183.48 1 1
c4tui/screens/export.go:183.48,190.30 6 1
c4tui/screens/export.go:190.30,191.32 1 1
c4tui/screens/export.go:191.32,193.6 1 1
c4tui/screens/export.go:195.4,200.17 6 1
c4tui/screens/export.go:200.17,202.5 1 1
c4tui/screens/export.go:203.4,203.26 1 1
c4tui/screens/export.go:206.2,206.20 1 1
c4tui/screens/export.go:206.20,208.3 1 0
c4tui/screens/export.go:209.2,209.32 1 1
c4tui/screens/export.go:212.37,213.18 1 0
c4tui/screens/export.go:213.18,215.3 1 0
c4tui/screens/export.go:217.2,221.30 4 0
c4tui/screens/export.go:221.30,224.20 3 0
c4tui/screens/export.go:224.20,227.4 2 0
c4tui/screens/export.go:228.3,228.48 1 0
c4tui/screens/export.go:231.2,243.15 3 0
c4tui/screens/export.go:243.15,245.3 1 0
c4tui/screens/export.go:246.2,246.15 1 0
c4tui/screens/export.go:246.15,248.3 1 0
c4tui/screens/export.go:249.2,261.3 2 0
c4tui/screens/export.go:264.24,265.11 1 0
c4tui/screens/export.go:265.11,267.3 1 0
c4tui/screens/export.go:268.2,268.10 1 0
c4tui/screens/fireworks.go:33.31,35.2 1 0
c4tui/screens/fireworks.go:37.35,37.57 1 0
c4tui/screens/fireworks.go:38.35,38.52 1 0
c4tui/screens/fireworks.go:40.35,42.59 1 0
c4tui/screens/fireworks.go:42.59,42.81 1 0
c4tui/screens/fireworks.go:43.53,43.75 1 0
c4tui/screens/fireworks.go:47.61,48.27 1 0
c4tui/screens/fireworks.go:49.25,53.16 4 0
c4tui/screens/fireworks.go:54.17,55.13 1 0
c4tui/screens/fireworks.go:55.13,57.4 1 0
c4tui/screens/fireworks.go:58.3,60.20 3 0
c4tui/screens/fireworks.go:60.20,62.4 1 0
c4tui/screens/fireworks.go:63.3,63.69 1 0
c4tui/screens/fireworks.go:63.69,63.91 1 0
c4tui/screens/fireworks.go:64.17,66.16 2 0
c4tui/screens/fireworks.go:68.2,68.15 1 0
c4tui/screens/fireworks.go:71.35,72.25 1 0
c4tui/screens/fireworks.go:72.25,74.3 1 0
c4tui/screens/fireworks.go:77.34,78.35 1 0
c4tui/screens/fireworks.go:78.35,80.3 1 0
c4tui/screens/fireworks.go:81.2,85.29 5 0
c4tui/screens/fireworks.go:85.29,97.3 3 0
c4tui/screens/fireworks.go:100.39,101.27 1 0
c4tui/screens/fireworks.go:101.27,103.3 1 0
c4tui/screens/fireworks.go:104.2,105.32 2 0
c4tui/screens/fireworks.go:105.32,110.17 5 0
c4tui/screens/fireworks.go:110.17,112.4 1 0
c4tui/screens/fireworks.go:114.2,114.21 1 0
c4tui/screens/fireworks.go:117.34,118.18 1 0
c4tui/screens/fireworks.go:118.18,120.3 1 0
c4tui/screens/fireworks.go:124.2,124.72 1 0
c4tui/screens/fireworks.go:124.72,126.3 1 0
c4tui/screens/fireworks.go:127.2,130.32 2 0
c4tui/screens/fireworks.go:130.32,132.22 2 0
c4tui/screens/fireworks.go:132.22,134.4 1 0
c4tui/screens/fireworks.go:136.3,136.33 1 0
c4tui/screens/fireworks.go:136.33,137.60 1 0
c4tui/screens/fireworks.go:137.60,139.20 2 0
c4tui/screens/fireworks.go:139.20,141.6 1 0
c4tui/screens/fireworks.go:141.11,141.27 1 0
c4tui/screens/fireworks.go:141.27,143.6 1 0
c4tui/screens/fireworks.go:146.3,147.21 2 0
c4tui/screens/fireworks.go:147.21,149.4 1 0
c4tui/screens/fireworks.go:152.2,152.20 1 0
c4tui/screens/gpu.go:33.33,37.2 3 0
c4tui/screens/gpu.go:39.35,45.16 4 0
c4tui/screens/gpu.go:45.16,47.3 1 0
c4tui/screens/gpu.go:48.2,48.56 1 0
c4tui/screens/gpu.go:48.56,50.17 2 0
c4tui/screens/gpu.go:50.17,51.12 1 0
c4tui/screens/gpu.go:53.3,54.22 2 0
c4tui/screens/gpu.go:54.22,62.4 1 0
c4tui/screens/gpu.go:66.36,66.60 1 0
c4tui/screens/gpu.go:67.36,67.53 1 0
c4tui/screens/gpu.go:69.36,69.50 1 0
c4tui/screens/gpu.go:71.62,72.27 1 0
c4tui/screens/gpu.go:73.25,76.16 3 0
c4tui/screens/gpu.go:77.18,78.52 1 0
c4tui/screens/gpu.go:78.52,81.4 2 0
c4tui/screens/gpu.go:83.2,83.15 1 0
c4tui/screens/gpu.go:86.35,87.18 1 0
c4tui/screens/gpu.go:87.18,89.3 1 0
c4tui/screens/gpu.go:91.2,95.22 4 0
c4tui/screens/gpu.go:95.22,101.3 2 0
c4tui/screens/gpu.go:103.2,104.29 2 0
c4tui/screens/gpu.go:104.29,108.16 4 0
c4tui/screens/gpu.go:108.16,110.4 1 0
c4tui/screens/gpu.go:111.3,121.17 2 0
c4tui/screens/gpu.go:124.2,133.29 2 0
c4tui/screens/gpu.go:136.54,149.2 2 0
c4tui/screens/gpu.go:151.39,153.16 2 0
c4tui/screens/gpu.go:153.16,155.3 1 0
c4tui/screens/gpu.go:156.2,156.20 1 0
c4tui/screens/gpu.go:156.20,158.3 1 0
c4tui/screens/gpu.go:159.2,161.97 2 0
c4tui/screens/help.go:19.21,19.38 1 0
c4tui/screens/help.go:21.30,21.47 1 0
c4tui/screens/help.go:22.30,22.47 1 0
c4tui/screens/help.go:24.30,24.44 1 0
c4tui/screens/help.go:26.56,27.27 1 0
c4tui/screens/help.go:28.25,31.16 3 0
c4tui/screens/help.go:32.18,33.75 1 0
c4tui/screens/help.go:33.75,36.4 2 0
c4tui/screens/help.go:38.2,38.15 1 0
c4tui/screens/help.go:41.29,42.18 1 0
c4tui/screens/help.go:42.18,44.3 1 0
c4tui/screens/help.go:46.2,128.31 9 0
c4tui/screens/help.go:128.31,132.32 4 0
c4tui/screens/help.go:132.32,135.4 2 0
c4tui/screens/help.go:136.3,137.15 2 0
c4tui/screens/help.go:137.15,139.4 1 0
c4tui/screens/help.go:139.9,141.4 1 0
c4tui/screens/help.go:144.2,171.3 6 0
c4tui/screens/history.go:24.58,25.18 1 0
c4tui/screens/history.go:25.18,27.3 1 0
c4tui/screens/history.go:28.2,28.48 1 0
c4tui/screens/history.go:31.38,31.58 1 0
c4tui/screens/history.go:32.38,32.55 1 0
c4tui/screens/history.go:34.38,34.52 1 0
c4tui/screens/history.go:36.64,37.27 1 0
c4tui/screens/history.go:38.25,41.16 3 0
c4tui/screens/history.go:42.18,43.23 1 0
c4tui/screens/history.go:44.19,46.17 2 0
c4tui/screens/history.go:47.18,48.20 1 0
c4tui/screens/history.go:48.20,50.5 1 0
c4tui/screens/history.go:51.20,52.35 1 0
c4tui/screens/history.go:52.35,54.5 1 0
c4tui/screens/history.go:57.2,57.15 1 0
c4tui/screens/history.go:60.37,61.18 1 0
c4tui/screens/history.go:61.18,63.3 1 0
c4tui/screens/history.go:65.2,68.25 3 0
c4tui/screens/history.go:68.25,71.3 2 0
c4tui/screens/history.go:74.2,79.30 3 0
c4tui/screens/history.go:79.30,81.20 2 0
c4tui/screens/history.go:81.20,83.4 1 0
c4tui/screens/history.go:84.3,87.24 4 0
c4tui/screens/history.go:87.24,89.4 1 0
c4tui/screens/history.go:89.9,89.29 1 0
c4tui/screens/history.go:89.29,91.4 1 0
c4tui/screens/history.go:91.9,93.4 1 0
c4tui/screens/history.go:94.3,96.5 1 0
c4tui/screens/history.go:99.2,111.29 2 0
c4tui/screens/history.go:114.56,127.2 2 0
c4tui/screens/knowledge_graph.go:28.62,29.18 1 0
c4tui/screens/knowledge_graph.go:29.18,31.3 1 0
c4tui/screens/knowledge_graph.go:32.2,34.28 3 0
c4tui/screens/knowledge_graph.go:34.28,35.39 1 0
c4tui/screens/knowledge_graph.go:35.39,36.18 1 0
c4tui/screens/knowledge_graph.go:36.18,38.5 1 0
c4tui/screens/knowledge_graph.go:41.2,42.25 2 0
c4tui/screens/knowledge_graph.go:42.25,44.3 1 0
c4tui/screens/knowledge_graph.go:45.2,45.40 1 0
c4tui/screens/knowledge_graph.go:45.40,46.39 1 0
c4tui/screens/knowledge_graph.go:46.39,48.4 1 0
c4tui/screens/knowledge_graph.go:49.3,49.39 1 0
c4tui/screens/knowledge_graph.go:51.2,51.21 1 0
c4tui/screens/knowledge_graph.go:51.21,53.3 1 0
c4tui/screens/knowledge_graph.go:54.2,54.37 1 0
c4tui/screens/knowledge_graph.go:57.40,57.68 1 0
c4tui/screens/knowledge_graph.go:58.40,58.57 1 0
c4tui/screens/knowledge_graph.go:60.40,60.54 1 0
c4tui/screens/knowledge_graph.go:62.66,63.27 1 0
c4tui/screens/knowledge_graph.go:64.25,67.16 3 0
c4tui/screens/knowledge_graph.go:68.18,69.52 1 0
c4tui/screens/knowledge_graph.go:69.52,72.4 2 0
c4tui/screens/knowledge_graph.go:74.2,74.15 1 0
c4tui/screens/knowledge_graph.go:77.39,78.18 1 0
c4tui/screens/knowledge_graph.go:78.18,80.3 1 0
c4tui/screens/knowledge_graph.go:82.2,85.23 3 0
c4tui/screens/knowledge_graph.go:85.23,88.3 2 0
c4tui/screens/knowledge_graph.go:90.2,92.28 3 0
c4tui/screens/knowledge_graph.go:92.28,94.19 2 0
c4tui/screens/knowledge_graph.go:94.19,96.4 1 0
c4tui/screens/knowledge_graph.go:97.3,100.130 4 0
c4tui/screens/knowledge_graph.go:103.2,113.29 2 0
c4tui/screens/knowledge_graph.go:116.58,129.2 2 0
c4tui/screens/knowledge_graph.go:131.34,134.60 3 0
c4tui/screens/knowledge_graph.go:134.60,136.3 1 0
c4tui/screens/knowledge_graph.go:136.5,138.32 2 0
c4tui/screens/knowledge_graph.go:138.32,140.4 1 0
c4tui/screens/knowledge_graph.go:142.2,142.14 1 0
c4tui/screens/knowledge_graph.go:160.32,162.2 1 0
c4tui/screens/matrix.go:25.33,27.2 1 0
c4tui/screens/matrix.go:29.36,29.55 1 0
c4tui/screens/matrix.go:30.36,30.53 1 0
c4tui/screens/matrix.go:32.36,33.65 1 0
c4tui/screens/matrix.go:33.65,35.3 1 0
c4tui/screens/matrix.go:38.62,39.27 1 0
c4tui/screens/matrix.go:40.25,44.47 4 0
c4tui/screens/matrix.go:44.47,45.29 1 0
c4tui/screens/matrix.go:45.29,47.5 1 0
c4tui/screens/matrix.go:49.3,49.16 1 0
c4tui/screens/matrix.go:50.18,51.80 1 0
c4tui/screens/matrix.go:51.80,54.4 2 0
c4tui/screens/matrix.go:55.21,56.28 1 0
c4tui/screens/matrix.go:56.28,58.34 2 0
c4tui/screens/matrix.go:58.34,60.5 1 0
c4tui/screens/matrix.go:62.3,62.69 1 0
c4tui/screens/matrix.go:62.69,64.4 1 0
c4tui/screens/matrix.go:66.2,66.15 1 0
c4tui/screens/matrix.go:69.35,70.35 1 0
c4tui/screens/matrix.go:70.35,72.3 1 0
c4tui/screens/matrix.go:74.2,79.32 5 0
c4tui/screens/matrix.go:79.32,81.32 2 0
c4tui/screens/matrix.go:81.32,84.17 3 0
c4tui/screens/matrix.go:84.17,86.5 1 0
c4tui/screens/matrix.go:86.10,86.36 1 0
c4tui/screens/matrix.go:86.36,88.5 1 0
c4tui/screens/matrix.go:88.10,88.38 1 0
c4tui/screens/matrix.go:88.38,90.5 1 0
c4tui/screens/matrix.go:90.10,92.5 1 0
c4tui/screens/matrix.go:94.3,94.36 1 0
c4tui/screens/matrix.go:97.2,97.33 1 0
c4tui/screens/onboarding.go:22.33,24.2 1 0
c4tui/screens/onboarding.go:27.24,29.16 2 0
c4tui/screens/onboarding.go:29.16,31.3 1 0
c4tui/screens/onboarding.go:32.2,34.27 3 0
c4tui/screens/onboarding.go:38.28,40.16 2 0
c4tui/screens/onboarding.go:40.16,42.3 1 0
c4tui/screens/onboarding.go:43.2,44.62 2 0
c4tui/screens/onboarding.go:44.62,46.3 1 0
c4tui/screens/onboarding.go:47.2,47.46 1 0
c4tui/screens/onboarding.go:50.36,50.59 1 0
c4tui/screens/onboarding.go:51.36,51.53 1 0
c4tui/screens/onboarding.go:53.36,53.50 1 0
c4tui/screens/onboarding.go:55.62,56.27 1 0
c4tui/screens/onboarding.go:57.25,60.16 3 0
c4tui/screens/onboarding.go:61.18,62.23 1 0
c4tui/screens/onboarding.go:63.19,66.17 3 0
c4tui/screens/onboarding.go:67.30,69.18 2 0
c4tui/screens/onboarding.go:69.18,72.5 2 0
c4tui/screens/onboarding.go:73.4,73.17 1 0
c4tui/screens/onboarding.go:74.15,75.18 1 0
c4tui/screens/onboarding.go:75.18,77.5 1 0
c4tui/screens/onboarding.go:78.4,78.17 1 0
c4tui/screens/onboarding.go:81.2,81.15 1 0
c4tui/screens/onboarding.go:96.35,97.18 1 0
c4tui/screens/onboarding.go:97.18,99.3 1 0
c4tui/screens/onboarding.go:101.2,110.16 8 0
c4tui/screens/onboarding.go:111.9,125.4 1 0
c4tui/screens/onboarding.go:126.9,163.4 1 0
c4tui/screens/onboarding.go:164.9,177.4 1 0
c4tui/screens/onboarding.go:181.2,182.25 2 0
c4tui/screens/onboarding.go:182.25,183.18 1 0
c4tui/screens/onboarding.go:183.18,185.4 1 0
c4tui/screens/onboarding.go:185.9,187.4 1 0
c4tui/screens/onboarding.go:189.2,205.3 4 0
c4tui/screens/packages.go:28.45,39.2 1 0
c4tui/screens/packages.go:41.42,41.72 1 0
c4tui/screens/packages.go:42.42,42.59 1 0
c4tui/screens/packages.go:44.42,44.56 1 0
c4tui/screens/packages.go:46.68,47.27 1 0
c4tui/screens/packages.go:48.25,51.16 3 0
c4tui/screens/packages.go:52.18,53.23 1 0
c4tui/screens/packages.go:54.19,56.17 2 0
c4tui/screens/packages.go:57.18,58.20 1 0
c4tui/screens/packages.go:58.20,60.5 1 0
c4tui/screens/packages.go:61.20,62.36 1 0
c4tui/screens/packages.go:62.36,64.5 1 0
c4tui/screens/packages.go:65.16,66.39 1 0
c4tui/screens/packages.go:66.39,68.5 1 0
c4tui/screens/packages.go:71.2,71.15 1 0
c4tui/screens/packages.go:74.41,75.18 1 0
c4tui/screens/packages.go:75.18,77.3 1 0
c4tui/screens/packages.go:79.2,83.33 4 0
c4tui/screens/packages.go:83.33,86.20 3 0
c4tui/screens/packages.go:86.20,89.4 2 0
c4tui/screens/packages.go:90.3,91.21 2 0
c4tui/screens/packages.go:91.21,93.4 1 0
c4tui/screens/packages.go:94.3,95.65 2 0
c4tui/screens/packages.go:98.2,120.3 3 0
c4tui/screens/palette.go:61.27,86.23 3 0
c4tui/screens/palette.go:86.23,88.3 1 0
c4tui/screens/palette.go:89.2,89.10 1 0
c4tui/screens/palette.go:92.41,92.61 1 0
c4tui/screens/palette.go:93.41,93.58 1 0
c4tui/screens/palette.go:94.41,94.60 1 0
c4tui/screens/palette.go:96.33,96.47 1 0
c4tui/screens/palette.go:98.59,99.27 1 0
c4tui/screens/palette.go:100.25,103.16 3 0
c4tui/screens/palette.go:104.18,105.19 1 0
c4tui/screens/palette.go:106.33,108.17 2 0
c4tui/screens/palette.go:109.21,110.26 1 0
c4tui/screens/palette.go:110.26,113.30 3 0
c4tui/screens/palette.go:113.30,113.69 1 0
c4tui/screens/palette.go:115.4,115.17 1 0
c4tui/screens/palette.go:116.18,117.20 1 0
c4tui/screens/palette.go:117.20,119.5 1 0
c4tui/screens/palette.go:120.20,121.35 1 0
c4tui/screens/palette.go:121.35,123.5 1 0
c4tui/screens/palette.go:124.25,125.25 1 0
c4tui/screens/palette.go:125.25,128.5 2 0
c4tui/screens/palette.go:129.11,130.32 1 0
c4tui/screens/palette.go:130.32,133.5 2 0
c4tui/screens/palette.go:136.2,136.15 1 0
c4tui/screens/palette.go:139.34,143.31 4 0
c4tui/screens/palette.go:143.31,144.54 1 0
c4tui/screens/palette.go:144.54,146.4 1 0
c4tui/screens/palette.go:150.32,151.18 1 0
c4tui/screens/palette.go:151.18,153.3 1 0
c4tui/screens/palette.go:155.2,158.20 3 0
c4tui/screens/palette.go:158.20,160.3 1 0
c4tui/screens/palette.go:160.8,162.3 1 0
c4tui/screens/palette.go:164.2,165.32 2 0
c4tui/screens/palette.go:165.32,169.20 4 0
c4tui/screens/palette.go:169.20,172.4 2 0
c4tui/screens/palette.go:173.3,174.74 2 0
c4tui/screens/palette.go:177.2,200.3 3 0
c4tui/screens/provider.go:19.29,19.50 1 0
c4tui/screens/provider.go:21.34,21.65 1 0
c4tui/screens/provider.go:22.34,22.51 1 0
c4tui/screens/provider.go:24.34,24.48 1 0
c4tui/screens/provider.go:26.60,27.27 1 0
c4tui/screens/provider.go:28.25,31.16 3 0
c4tui/screens/provider.go:32.18,33.52 1 0
c4tui/screens/provider.go:33.52,36.4 2 0
c4tui/screens/provider.go:38.2,38.15 1 0
c4tui/screens/provider.go:41.33,42.18 1 0
c4tui/screens/provider.go:42.18,44.3 1 0
c4tui/screens/provider.go:46.2,65.31 7 0
c4tui/screens/provider.go:65.31,67.12 2 0
c4tui/screens/provider.go:67.12,69.4 1 0
c4tui/screens/provider.go:70.3,70.96 1 0
c4tui/screens/provider.go:73.2,96.3 3 0
c4tui/screens/social.go:22.60,24.2 1 0
c4tui/screens/social.go:26.39,26.67 1 0
c4tui/screens/social.go:27.39,27.56 1 0
c4tui/screens/social.go:29.39,29.53 1 0
c4tui/screens/social.go:31.65,32.27 1 0
c4tui/screens/social.go:33.25,36.16 3 0
c4tui/screens/social.go:37.18,38.52 1 0
c4tui/screens/social.go:38.52,41.4 2 0
c4tui/screens/social.go:43.2,43.15 1 0
c4tui/screens/social.go:46.38,47.18 1 0
c4tui/screens/social.go:47.18,49.3 1 0
c4tui/screens/social.go:51.2,56.19 5 0
c4tui/screens/social.go:56.19,58.3 1 0
c4tui/screens/social.go:58.8,72.3 3 0
c4tui/screens/social.go:74.2,95.3 3 0
c4tui/screens/triz.go:28.21,47.2 1 0
c4tui/screens/triz.go:49.30,49.54 1 0
c4tui/screens/triz.go:50.30,50.47 1 0
c4tui/screens/triz.go:52.30,52.44 1 0
c4tui/screens/triz.go:54.56,55.27 1 0
c4tui/screens/triz.go:56.25,59.16 3 0
c4tui/screens/triz.go:60.18,61.23 1 0
c4tui/screens/triz.go:62.19,64.17 2 0
c4tui/screens/triz.go:65.18,66.20 1 0
c4tui/screens/triz.go:66.20,68.5 1 0
c4tui/screens/triz.go:69.20,70.38 1 0
c4tui/screens/triz.go:70.38,72.5 1 0
c4tui/screens/triz.go:75.2,75.15 1 0
c4tui/screens/triz.go:78.29,79.18 1 0
c4tui/screens/triz.go:79.18,81.3 1 0
c4tui/screens/triz.go:83.2,87.33 4 0
c4tui/screens/triz.go:87.33,90.20 3 0
c4tui/screens/triz.go:90.20,93.4 2 0
c4tui/screens/triz.go:94.3,95.30 2 0
c4tui/screens/triz.go:98.2,121.3 3 0
c4tui/layout.go:43.39,53.19 2 1
c4tui/layout.go:53.19,65.3 11 1
c4tui/layout.go:68.2,73.21 4 1
c4tui/layout.go:73.21,75.27 2 1
c4tui/layout.go:75.27,77.4 1 0
c4tui/layout.go:78.3,78.18 1 1
c4tui/layout.go:78.18,80.4 1 0
c4tui/layout.go:81.8,83.18 2 1
c4tui/layout.go:83.18,85.4 1 0
c4tui/layout.go:89.2,89.20 1 1
c4tui/layout.go:89.20,91.27 2 1
c4tui/layout.go:91.27,93.4 1 1
c4tui/layout.go:94.3,94.18 1 1
c4tui/layout.go:94.18,96.4 1 0
c4tui/layout.go:97.8,99.3 1 1
c4tui/layout.go:102.2,102.13 1 1
c4tui/layout.go:102.13,103.18 1 1
c4tui/layout.go:103.18,105.4 1 0
c4tui/layout.go:106.3,106.18 1 1
c4tui/layout.go:106.18,108.4 1 1
c4tui/layout.go:112.2,113.17 2 1
c4tui/layout.go:113.17,118.18 4 0
c4tui/layout.go:118.18,120.4 1 0
c4tui/layout.go:124.2,125.18 2 1
c4tui/layout.go:125.18,130.3 3 1
c4tui/layout.go:130.8,130.21 1 1
c4tui/layout.go:130.21,133.24 2 1
c4tui/layout.go:133.24,135.4 1 0
c4tui/layout.go:136.3,137.25 2 1
c4tui/layout.go:137.25,140.4 2 0
c4tui/layout.go:141.3,141.20 1 1
c4tui/layout.go:142.8,147.25 4 1
c4tui/layout.go:147.25,151.4 3 0
c4tui/layout.go:155.2,156.29 2 1
c4tui/layout.go:156.29,158.3 1 1
c4tui/layout.go:159.2,159.16 1 1
c4tui/layout.go:159.16,161.21 2 1
c4tui/layout.go:161.21,163.4 1 0
c4tui/layout.go:164.8,167.3 2 1
c4tui/layout.go:170.2,173.58 2 1
c4tui/layout.go:173.58,175.26 2 1
c4tui/layout.go:175.26,177.19 2 1
c4tui/layout.go:177.19,179.5 1 0
c4tui/layout.go:181.3,181.31 1 1
c4tui/layout.go:184.2,184.10 1 1
c4tui/layout.go:189.72,192.24 3 1
c4tui/layout.go:192.24,193.15 1 1
c4tui/layout.go:193.15,195.4 1 1
c4tui/layout.go:196.3,196.15 1 1
c4tui/layout.go:196.15,198.4 1 1
c4tui/layout.go:199.3,199.18 1 1
c4tui/layout.go:199.18,202.16 2 1
c4tui/layout.go:202.16,205.5 2 1
c4tui/layout.go:207.8,211.3 2 1
c4tui/layout.go:212.2,212.8 1 1
c4tui/main.go:27.36,34.2 1 1
c4tui/main.go:36.29,38.2 1 1
c4tui/main.go:40.55,41.27 1 1
c4tui/main.go:42.18,43.31 1 1
c4tui/main.go:43.31,45.4 1 1
c4tui/main.go:46.25,48.24 2 0
c4tui/main.go:51.2,51.25 1 1
c4tui/main.go:51.25,53.45 2 1
c4tui/main.go:53.45,55.4 1 1
c4tui/main.go:58.3,58.29 1 1
c4tui/main.go:58.29,63.24 3 1
c4tui/main.go:63.24,65.5 1 0
c4tui/main.go:66.4,67.37 2 1
c4tui/main.go:67.37,69.5 1 1
c4tui/main.go:70.4,72.28 2 1
c4tui/main.go:72.28,76.54 4 0
c4tui/main.go:76.54,78.6 1 0
c4tui/main.go:79.5,79.36 1 0
c4tui/main.go:81.4,81.32 1 1
c4tui/main.go:83.3,83.16 1 0
c4tui/main.go:87.2,88.35 2 0
c4tui/main.go:88.35,90.3 1 0
c4tui/main.go:91.2,91.15 1 0
c4tui/main.go:94.28,95.25 1 0
c4tui/main.go:95.25,97.3 1 0
c4tui/main.go:98.2,98.21 1 0
c4tui/main.go:101.13,108.19 6 0
c4tui/main.go:108.19,110.3 1 0
c4tui/main.go:111.2,111.39 1 0
c4tui/main.go:111.39,114.3 2 0
c4tui/main.go:116.2,119.17 2 0
c4tui/main.go:119.17,124.3 4 0
c4tui/main.go:125.2,125.18 1 0
c4tui/main.go:125.18,126.34 1 0
c4tui/main.go:127.17,128.39 1 0
c4tui/main.go:129.16,130.38 1 0
c4tui/main.go:131.15,132.37 1 0
c4tui/main.go:134.3,134.44 1 0
c4tui/main.go:137.2,143.16 3 0
c4tui/main.go:143.16,146.3 2 0
c4tui/main.go:148.2,148.48 1 0
c4tui/main.go:148.48,149.45 1 0
c4tui/main.go:149.45,151.4 1 0
c4tui/model.go:52.23,55.2 2 1
c4tui/model.go:58.50,61.30 3 1
c4tui/model.go:61.30,66.3 4 0
c4tui/model.go:67.2,90.40 8 1
c4tui/model.go:90.40,91.28 1 1
c4tui/model.go:91.28,93.4 1 0
c4tui/model.go:95.2,96.10 2 1
c4tui/model.go:100.31,108.2 1 1
c4tui/signals.go:14.33,15.24 1 1
c4tui/signals.go:15.24,20.3 4 0
c4tui/update.go:19.57,21.22 1 1
c4tui/update.go:21.22,24.21 1 0
c4tui/update.go:31.22,31.22 0 0
c4tui/update.go:33.11,35.53 2 0
c4tui/update.go:35.53,37.25 2 0
c4tui/update.go:37.25,40.6 2 0
c4tui/update.go:42.4,42.17 1 0
c4tui/update.go:46.2,46.27 1 1
c4tui/update.go:47.25,53.34 5 1
c4tui/update.go:53.34,55.4 1 1
c4tui/update.go:55.9,57.4 1 0
c4tui/update.go:58.3,64.23 6 1
c4tui/update.go:64.23,67.53 3 0
c4tui/update.go:67.53,69.25 2 0
c4tui/update.go:69.25,72.6 2 0
c4tui/update.go:75.3,75.16 1 1
c4tui/update.go:77.19,79.21 1 0
c4tui/update.go:79.21,81.4 1 0
c4tui/update.go:82.3,82.21 1 0
c4tui/update.go:84.18,85.26 1 1
c4tui/update.go:87.20,88.28 1 1
c4tui/update.go:90.29,91.36 1 0
c4tui/update.go:93.27,94.34 1 1
c4tui/update.go:96.24,97.31 1 0
c4tui/update.go:99.24,100.31 1 0
c4tui/update.go:102.31,103.38 1 0
c4tui/update.go:105.25,106.32 1 0
c4tui/update.go:108.25,109.32 1 0
c4tui/update.go:111.24,112.31 1 1
c4tui/update.go:114.30,115.37 1 1
c4tui/update.go:117.28,118.35 1 0
c4tui/update.go:120.29,125.54 5 0
c4tui/update.go:127.27,130.20 2 0
c4tui/update.go:130.20,133.4 1 0
c4tui/update.go:135.3,136.33 2 0
c4tui/update.go:136.33,138.4 1 0
c4tui/update.go:140.3,140.40 1 0
c4tui/update.go:140.40,141.56 1 0
c4tui/update.go:141.56,143.5 1 0
c4tui/update.go:145.3,145.16 1 0
c4tui/update.go:147.27,150.25 3 0
c4tui/update.go:152.19,153.28 1 0
c4tui/update.go:154.22,156.28 2 0
c4tui/update.go:158.31,159.21 1 0
c4tui/update.go:159.21,161.4 1 0
c4tui/update.go:161.9,163.4 1 0
c4tui/update.go:164.3,166.16 3 0
c4tui/update.go:168.26,171.43 3 0
c4tui/update.go:175.2,191.30 15 0
c4tui/update.go:194.63,195.22 1 1
c4tui/update.go:196.16,197.25 1 1
c4tui/update.go:197.25,199.4 1 0
c4tui/update.go:200.3,200.21 1 1
c4tui/update.go:201.11,203.40 1 0
c4tui/update.go:203.40,204.26 1 0
c4tui/update.go:204.26,206.5 1 0
c4tui/update.go:207.4,207.22 1 0
c4tui/update.go:210.3,212.16 3 0
c4tui/update.go:213.13,214.47 1 0
c4tui/update.go:214.47,223.4 8 0
c4tui/update.go:224.12,226.16 2 1
c4tui/update.go:227.11,229.40 1 1
c4tui/update.go:229.40,232.4 2 1
c4tui/update.go:234.3,236.16 3 0
c4tui/update.go:237.13,239.84 1 0
c4tui/update.go:239.84,242.4 2 0
c4tui/update.go:244.3,244.40 1 0
c4tui/update.go:244.40,247.4 2 0
c4tui/update.go:249.3,251.16 3 0
c4tui/update.go:252.20,255.45 2 0
c4tui/update.go:255.45,256.30 1 0
c4tui/update.go:256.30,258.5 1 0
c4tui/update.go:260.3,260.62 1 0
c4tui/update.go:260.62,261.32 1 0
c4tui/update.go:261.32,263.5 1 0
c4tui/update.go:266.3,268.16 3 0
c4tui/update.go:269.49,271.40 1 0
c4tui/update.go:271.40,274.4 2 0
c4tui/update.go:276.3,278.16 3 0
c4tui/update.go:279.20,280.42 1 0
c4tui/update.go:281.16,284.16 3 0
c4tui/update.go:285.16,288.16 3 0
c4tui/update.go:289.17,291.55 2 0
c4tui/update.go:292.16,295.16 3 0
c4tui/update.go:296.22,299.31 3 0
c4tui/update.go:300.16,303.16 3 0
c4tui/update.go:304.16,307.16 3 0
c4tui/update.go:308.17,310.63 2 0
c4tui/update.go:311.17,313.46 2 0
c4tui/update.go:314.17,320.16 6 0
c4tui/update.go:321.17,327.16 6 0
c4tui/update.go:328.17,330.63 2 0
c4tui/update.go:331.17,333.58 2 0
c4tui/update.go:334.17,336.60 2 0
c4tui/update.go:337.16,339.49 2 0
c4tui/update.go:340.17,342.58 2 0
c4tui/update.go:343.17,345.63 2 0
c4tui/update.go:346.16,348.43 2 0
c4tui/update.go:349.17,351.47 2 0
c4tui/update.go:352.17,354.53 2 0
c4tui/update.go:355.17,358.26 3 0
c4tui/update.go:358.26,359.53 1 0
c4tui/update.go:359.53,361.5 1 0
c4tui/update.go:363.3,364.26 2 0
c4tui/update.go:364.26,365.53 1 0
c4tui/update.go:365.53,367.5 1 0
c4tui/update.go:369.3,369.66 1 0
c4tui/update.go:370.17,372.49 2 0
c4tui/update.go:373.17,375.55 2 0
c4tui/update.go:378.2,382.82 5 0
c4tui/update.go:382.82,384.3 1 0
c4tui/update.go:385.2,385.15 1 0
c4tui/update.go:388.67,389.31 1 1
c4tui/update.go:389.31,391.3 1 0
c4tui/update.go:392.2,397.18 3 1
c4tui/update.go:397.18,401.3 3 0
c4tui/update.go:401.8,401.21 1 1
c4tui/update.go:401.21,405.3 3 1
c4tui/update.go:405.8,409.3 3 0
c4tui/update.go:410.2,410.61 1 1
c4tui/update.go:410.61,412.17 2 1
c4tui/update.go:412.17,416.4 3 0
c4tui/update.go:420.2,421.66 2 1
c4tui/update.go:421.66,424.3 2 0
c4tui/update.go:427.2,429.18 3 1
c4tui/update.go:429.18,431.3 1 0
c4tui/update.go:432.2,432.39 1 1
c4tui/update.go:432.39,435.3 2 0
c4tui/update.go:438.2,440.39 3 1
c4tui/update.go:440.39,443.3 2 0
c4tui/update.go:445.2,445.15 1 1
c4tui/update.go:448.33,450.2 1 0
c4tui/update.go:456.44,458.2 1 1
c4tui/update.go:460.64,461.24 1 0
c4tui/update.go:461.24,464.3 2 0
c4tui/update.go:465.2,466.17 2 0
c4tui/update.go:466.17,469.3 2 0
c4tui/update.go:470.2,470.43 1 0
c4tui/update.go:470.43,473.3 2 0
c4tui/update.go:475.2,475.52 1 0
c4tui/update.go:475.52,477.3 1 0
c4tui/update.go:478.2,493.3 9 0
c4tui/update.go:496.35,497.68 1 1
c4tui/update.go:497.68,499.3 1 0
c4tui/update.go:506.38,507.59 1 1
c4tui/update.go:507.59,509.3 1 0
c4tui/update.go:512.54,513.81 1 0
c4tui/update.go:513.81,515.3 1 0
c4tui/update.go:516.2,519.3 1 0
c4tui/update.go:526.84,527.20 1 0
c4tui/update.go:527.20,530.3 1 0
c4tui/update.go:530.8,530.28 1 0
c4tui/update.go:530.28,533.3 2 0
c4tui/update.go:536.2,537.24 2 0
c4tui/update.go:538.15,539.75 1 0
c4tui/update.go:540.15,541.75 1 0
c4tui/update.go:542.22,544.92 1 0
c4tui/update.go:545.16,546.65 1 0
c4tui/update.go:547.16,548.74 1 0
c4tui/update.go:549.10,550.78 1 0
c4tui/update.go:552.2,552.15 1 0
c4tui/update.go:555.80,556.20 1 1
c4tui/update.go:556.20,561.3 4 0
c4tui/update.go:562.2,567.3 3 1
c4tui/update.go:570.74,571.20 1 0
c4tui/update.go:571.20,576.3 4 0
c4tui/update.go:577.2,582.3 3 0
c4tui/update.go:585.76,588.20 3 0
c4tui/update.go:588.20,592.3 3 0
c4tui/update.go:593.2,596.15 4 0
c4tui/update.go:599.76,602.20 3 0
c4tui/update.go:602.20,606.3 3 0
c4tui/update.go:607.2,609.23 3 0
c4tui/update.go:609.23,611.3 1 0
c4tui/update.go:612.2,614.15 3 0
c4tui/update.go:617.74,618.25 1 1
c4tui/update.go:618.25,620.3 1 0
c4tui/update.go:621.2,625.15 5 1
c4tui/update.go:628.86,629.42 1 1
c4tui/update.go:629.42,631.3 1 0
c4tui/update.go:632.2,632.24 1 1
c4tui/update.go:632.24,634.3 1 0
c4tui/update.go:635.2,650.49 15 1
c4tui/update.go:650.49,652.3 1 1
c4tui/update.go:653.2,665.44 4 1
c4tui/update.go:665.44,667.3 1 0
c4tui/update.go:670.2,670.53 1 1
c4tui/update.go:670.53,673.3 2 1
c4tui/update.go:674.2,674.35 1 0
c4tui/update.go:678.33,679.9 1 1
c4tui/update.go:680.33,681.12 1 0
c4tui/update.go:682.34,683.12 1 0
c4tui/update.go:684.33,685.12 1 1
c4tui/update.go:686.34,687.12 1 0
c4tui/update.go:688.33,689.12 1 0
c4tui/update.go:690.34,691.12 1 0
c4tui/update.go:692.33,693.12 1 0
c4tui/update.go:694.10,695.44 1 0
c4tui/update.go:695.44,697.4 1 0
c4tui/update.go:698.3,698.11 1 0
c4tui/update.go:702.82,703.42 1 0
c4tui/update.go:703.42,705.3 1 0
c4tui/update.go:706.2,706.24 1 0
c4tui/update.go:706.24,708.3 1 0
c4tui/update.go:709.2,716.26 8 0
c4tui/update.go:716.26,718.3 1 0
c4tui/update.go:719.2,719.33 1 0
c4tui/update.go:719.33,721.3 1 0
c4tui/update.go:722.2,722.15 1 0
c4tui/update.go:725.74,726.20 1 0
c4tui/update.go:726.20,731.3 4 0
c4tui/update.go:732.2,737.3 3 0
c4tui/update.go:740.88,743.20 3 0
c4tui/update.go:743.20,747.3 3 0
c4tui/update.go:748.2,750.15 3 0
c4tui/update.go:753.57,754.24 1 0
c4tui/update.go:754.24,757.3 2 0
c4tui/update.go:758.2,759.15 2 0
c4tui/update.go:759.15,762.3 2 0
c4tui/update.go:763.2,764.44 2 0
c4tui/update.go:764.44,766.14 2 0
c4tui/update.go:766.14,768.4 1 0
c4tui/update.go:770.2,770.24 1 0
c4tui/update.go:770.24,773.3 2 0
c4tui/update.go:774.2,779.82 6 0
c4tui/update.go:782.61,786.51 4 1
c4tui/update.go:786.51,788.3 1 1
c4tui/update.go:789.2,790.30 2 1
c4tui/update.go:793.87,794.16 1 0
c4tui/update.go:795.31,797.55 2 0
c4tui/update.go:798.28,800.63 2 0
c4tui/update.go:801.34,803.63 2 0
c4tui/update.go:804.36,806.60 2 0
c4tui/update.go:807.29,809.58 2 0
c4tui/update.go:810.32,812.49 2 0
c4tui/update.go:813.32,815.58 2 0
c4tui/update.go:816.34,818.63 2 0
c4tui/update.go:819.26,821.43 2 0
c4tui/update.go:822.30,824.47 2 0
c4tui/update.go:825.27,827.53 2 0
c4tui/update.go:828.28,831.26 3 0
c4tui/update.go:831.26,832.53 1 0
c4tui/update.go:832.53,834.5 1 0
c4tui/update.go:836.3,837.26 2 0
c4tui/update.go:837.26,838.53 1 0
c4tui/update.go:838.53,840.5 1 0
c4tui/update.go:842.3,842.66 1 0
c4tui/update.go:843.25,845.49 2 0
c4tui/update.go:846.30,848.55 2 0
c4tui/update.go:849.26,851.43 2 0
c4tui/update.go:852.32,854.16 2 0
c4tui/update.go:855.38,857.16 2 0
c4tui/update.go:858.26,859.21 1 0
c4tui/update.go:861.2,861.15 1 0
c4tui/view.go:22.30,23.35 1 1
c4tui/view.go:23.35,25.3 1 0
c4tui/view.go:28.2,28.22 1 1
c4tui/view.go:28.22,30.3 1 0
c4tui/view.go:32.2,40.18 5 1
c4tui/view.go:40.18,47.34 6 0
c4tui/view.go:47.34,49.4 1 0
c4tui/view.go:50.3,50.59 1 0
c4tui/view.go:51.8,51.21 1 1
c4tui/view.go:51.21,56.34 2 1
c4tui/view.go:56.34,61.4 1 1
c4tui/view.go:62.3,67.60 2 1
c4tui/view.go:68.8,73.34 2 1
c4tui/view.go:73.34,78.4 1 1
c4tui/view.go:79.3,84.65 3 1
c4tui/view.go:88.2,97.17 6 1
c4tui/view.go:97.17,99.3 1 0
c4tui/view.go:100.2,100.16 1 1
c4tui/view.go:100.16,102.3 1 1
c4tui/view.go:103.2,103.16 1 1
c4tui/view.go:103.16,105.3 1 1
c4tui/view.go:106.2,108.55 2 1
c4tui/view.go:111.46,112.25 1 1
c4tui/view.go:112.25,114.3 1 0
c4tui/view.go:115.2,116.15 2 1
c4tui/view.go:116.15,119.3 2 0
c4tui/view.go:120.2,122.18 3 1
c4tui/view.go:125.49,130.39 3 1
c4tui/view.go:130.39,132.3 1 1
c4tui/view.go:133.2,137.24 3 1
c4tui/view.go:137.24,138.41 1 1
c4tui/view.go:138.41,139.18 1 1
c4tui/view.go:139.18,141.23 2 1
c4tui/view.go:141.23,143.6 1 1
c4tui/view.go:144.5,145.10 2 1
c4tui/view.go:151.2,153.14 3 1
c4tui/view.go:153.14,161.3 1 1
c4tui/view.go:161.8,171.3 1 1
c4tui/view.go:174.2,175.19 2 1
c4tui/view.go:175.19,178.3 2 1
c4tui/view.go:180.2,183.22 4 1
c4tui/view.go:183.22,185.3 1 1
c4tui/view.go:186.2,190.17 4 1
c4tui/view.go:190.17,192.3 1 0
c4tui/view.go:193.2,196.74 2 1
c4tui/internal/i18n.go:8.27,9.47 1 0
c4tui/internal/i18n.go:9.47,10.26 1 0
c4tui/internal/i18n.go:10.26,12.4 1 0
c4tui/internal/i18n.go:14.2,14.39 1 0
c4tui/internal/i18n.go:14.39,15.26 1 0
c4tui/internal/i18n.go:15.26,17.4 1 0
c4tui/internal/i18n.go:19.2,19.12 1 0
c4tui/internal/lang.go:46.46,47.33 1 1
c4tui/internal/lang.go:47.33,48.19 1 1
c4tui/internal/lang.go:48.19,50.4 1 1
c4tui/internal/lang.go:52.2,52.15 1 0
c4tui/internal/lang.go:58.42,59.31 1 0
c4tui/internal/lang.go:60.23,61.16 1 0
c4tui/internal/lang.go:62.41,63.16 1 0
c4tui/internal/lang.go:64.33,65.16 1 0
c4tui/internal/lang.go:66.37,67.16 1 0
c4tui/internal/lang.go:68.33,69.16 1 0
c4tui/internal/lang.go:70.40,71.16 1 0
c4tui/internal/lang.go:72.43,73.16 1 0
c4tui/internal/lang.go:74.10,75.16 1 0
c4tui/internal/mascot_memory.go:18.41,20.2 1 0
c4tui/internal/mascot_memory.go:23.38,26.16 3 0
c4tui/internal/mascot_memory.go:26.16,28.3 1 0
c4tui/internal/mascot_memory.go:29.2,30.49 2 0
c4tui/internal/mascot_memory.go:30.49,32.3 1 0
c4tui/internal/mascot_memory.go:33.2,33.10 1 0
c4tui/internal/mascot_memory.go:37.45,39.62 2 0
c4tui/internal/mascot_memory.go:39.62,41.3 1 0
c4tui/internal/mascot_memory.go:42.2,43.16 2 0
c4tui/internal/mascot_memory.go:43.16,45.3 1 0
c4tui/internal/mascot_memory.go:46.2,46.39 1 0
c4tui/internal/mascot_memory.go:49.32,51.16 2 0
c4tui/internal/mascot_memory.go:51.16,53.3 1 0
c4tui/internal/mascot_memory.go:54.2,54.61 1 0
c4tui/internal/mascot_memory.go:58.44,59.9 1 0
c4tui/internal/mascot_memory.go:60.25,61.19 1 0
c4tui/internal/mascot_memory.go:62.26,63.20 1 0
c4tui/internal/mascot_memory.go:64.26,65.21 1 0
c4tui/internal/mascot_memory.go:66.26,67.18 1 0
c4tui/internal/mascot_memory.go:68.10,69.18 1 0
c4tui/internal/mascot_memory.go:75.38,80.33 5 0
c4tui/internal/mascot_memory.go:80.33,81.16 1 0
c4tui/internal/mascot_memory.go:81.16,82.32 1 0
c4tui/internal/mascot_memory.go:82.33,84.5 0 0
c4tui/internal/mascot_memory.go:86.3,86.33 1 0
c4tui/internal/sanitize.go:15.32,21.39 3 1
c4tui/internal/sanitize.go:21.39,22.29 1 1
c4tui/internal/sanitize.go:22.29,24.4 1 1
c4tui/internal/sanitize.go:25.3,25.27 1 1
c4tui/internal/sanitize.go:25.27,27.4 1 1
c4tui/internal/sanitize.go:28.3,28.11 1 1
c4tui/internal/sanitize.go:30.2,30.32 1 1
c4tui/internal/store.go:37.24,39.16 2 1
c4tui/internal/store.go:39.16,41.3 1 0
c4tui/internal/store.go:42.2,43.62 2 1
c4tui/internal/store.go:43.62,47.3 2 0
c4tui/internal/store.go:48.2,50.10 3 1
c4tui/internal/store.go:53.24,55.16 2 1
c4tui/internal/store.go:55.16,57.3 1 0
c4tui/internal/store.go:58.2,60.48 3 1
c4tui/internal/store.go:60.48,65.3 3 0
c4tui/internal/store.go:69.30,73.16 4 1
c4tui/internal/store.go:73.16,75.3 1 0
c4tui/internal/store.go:77.2,77.43 1 1
c4tui/internal/store.go:77.43,78.70 1 1
c4tui/internal/store.go:78.71,81.4 0 0
c4tui/internal/store.go:83.2,83.41 1 1
c4tui/internal/store.go:87.44,90.26 3 1
c4tui/internal/store.go:90.26,92.3 1 0
c4tui/internal/store.go:93.2,96.12 4 1
c4tui/internal/store.go:100.47,103.24 3 1
c4tui/internal/store.go:103.24,105.3 1 1
c4tui/internal/store.go:106.2,107.25 2 1
c4tui/internal/store.go:107.25,109.3 1 1
c4tui/internal/store.go:110.2,110.12 1 1
c4tui/internal/store.go:114.46,120.2 5 1
c4tui/internal/store.go:123.31,124.14 1 1
c4tui/internal/store.go:124.14,126.3 1 0
c4tui/internal/store.go:127.2,128.24 2 1
c4tui/internal/store.go:128.24,130.3 1 1
c4tui/internal/store.go:131.2,133.17 3 1
c4tui/internal/store.go:137.32,141.24 4 1
c4tui/internal/store.go:141.24,143.3 1 0
c4tui/internal/store.go:144.2,144.53 1 1
c4tui/internal/store.go:144.53,145.16 1 0
c4tui/internal/store.go:145.16,146.32 1 0
c4tui/internal/store.go:146.33,148.5 0 0
c4tui/internal/store.go:150.3,151.15 2 0
c4tui/internal/store.go:151.15,154.4 2 0
c4tui/internal/store.go:155.3,157.34 3 0
c4tui/internal/store.go:157.34,161.4 1 0
c4tui/internal/text.go:11.46,12.14 1 0
c4tui/internal/text.go:12.14,14.3 1 0
c4tui/internal/text.go:15.2,15.37 1 0
c4tui/internal/text.go:15.37,17.3 1 0
c4tui/internal/text.go:18.2,20.22 3 0
c4tui/internal/text.go:20.22,22.19 2 0
c4tui/internal/text.go:22.19,23.9 1 0
c4tui/internal/text.go:25.3,26.23 2 0
c4tui/internal/text.go:28.2,28.28 1 0
c4tui/internal/text.go:33.44,34.16 1 0
c4tui/internal/text.go:34.16,36.3 1 0
c4tui/internal/text.go:37.2,41.22 4 0
c4tui/internal/text.go:41.22,42.16 1 0
c4tui/internal/text.go:42.16,46.12 4 0
c4tui/internal/text.go:48.3,49.36 2 0
c4tui/internal/text.go:49.36,53.12 4 0
c4tui/internal/text.go:55.3,55.26 1 0
c4tui/internal/text.go:55.26,59.12 4 0
c4tui/internal/text.go:61.3,62.17 2 0
c4tui/internal/text.go:64.2,64.22 1 0
c4tui/internal/text.go:64.22,66.3 1 0
c4tui/internal/text.go:67.2,67.34 1 0
c4tui/backend/bridge.go:16.40,22.2 1 0
c4tui/backend/bridge.go:25.74,33.2 3 0
c4tui/backend/bridge.go:36.76,42.2 1 0
c4tui/backend/bridge.go:45.61,47.16 2 0
c4tui/backend/bridge.go:47.16,49.3 1 0
c4tui/backend/bridge.go:50.2,50.17 1 0
c4tui/backend/bridge.go:58.9,59.42 1 0
c4tui/backend/bridge.go:59.42,61.3 1 0
c4tui/backend/bridge.go:62.2,62.34 1 0
c4tui/backend/bridge.go:62.34,64.3 1 0
c4tui/backend/bridge.go:65.2,65.12 1 0
c4tui/backend/bridge.go:69.99,71.75 2 0
c4tui/backend/bridge.go:71.75,75.3 3 0
c4tui/backend/bridge.go:76.2,76.18 1 0
c4tui/backend/bridge.go:80.93,82.75 2 0
c4tui/backend/bridge.go:82.75,86.3 3 0
c4tui/backend/bridge.go:87.2,87.18 1 0
c4tui/backend/bridge.go:91.85,93.78 2 0
c4tui/backend/bridge.go:93.78,97.3 3 0
c4tui/backend/bridge.go:98.2,98.18 1 0
c4tui/backend/bridge.go:102.92,104.75 2 0
c4tui/backend/bridge.go:104.75,108.3 3 0
c4tui/backend/bridge.go:109.2,109.18 1 0
c4tui/backend/bridge.go:113.95,115.75 2 0
c4tui/backend/bridge.go:115.75,119.3 3 0
c4tui/backend/bridge.go:120.2,120.18 1 0
c4tui/backend/bridge.go:124.96,126.75 2 0
c4tui/backend/bridge.go:126.75,130.3 3 0
c4tui/backend/bridge.go:131.2,131.18 1 0
c4tui/backend/bridge.go:135.115,136.61 1 0
c4tui/backend/bridge.go:136.61,138.3 1 0
c4tui/backend/bridge.go:139.2,140.35 2 0
c4tui/backend/bridge.go:140.35,142.17 2 0
c4tui/backend/bridge.go:142.17,144.4 1 0
c4tui/backend/bridge.go:145.3,145.34 1 0
c4tui/backend/bridge.go:147.2,147.21 1 0
c4tui/backend/client.go:28.40,35.2 2 1
c4tui/backend/client.go:38.59,41.2 2 1
c4tui/backend/client.go:166.52,167.20 1 1
c4tui/backend/client.go:167.20,169.3 1 1
c4tui/backend/client.go:170.2,170.28 1 1
c4tui/backend/client.go:170.28,172.3 1 1
c4tui/backend/client.go:175.62,178.23 3 1
c4tui/backend/client.go:178.23,180.3 1 0
c4tui/backend/client.go:181.2,182.16 2 1
c4tui/backend/client.go:182.16,184.3 1 0
c4tui/backend/client.go:185.2,187.16 3 1
c4tui/backend/client.go:187.16,189.3 1 1
c4tui/backend/client.go:190.2,192.40 3 1
c4tui/backend/client.go:192.40,193.34 1 0
c4tui/backend/client.go:193.34,196.4 2 0
c4tui/backend/client.go:198.2,198.12 1 1
c4tui/backend/client.go:205.98,207.2 1 1
c4tui/backend/client.go:209.115,210.48 1 1
c4tui/backend/client.go:210.48,212.3 1 1
c4tui/backend/client.go:213.2,214.16 2 1
c4tui/backend/client.go:214.16,216.3 1 0
c4tui/backend/client.go:217.2,218.16 2 1
c4tui/backend/client.go:218.16,220.3 1 0
c4tui/backend/client.go:221.2,225.23 5 1
c4tui/backend/client.go:225.23,227.3 1 0
c4tui/backend/client.go:228.2,230.16 3 1
c4tui/backend/client.go:230.16,232.3 1 0
c4tui/backend/client.go:233.2,233.40 1 1
c4tui/backend/client.go:233.40,239.3 5 0
c4tui/backend/client.go:240.2,240.18 1 1
c4tui/backend/client.go:243.80,245.16 2 1
c4tui/backend/client.go:245.16,247.3 1 0
c4tui/backend/client.go:248.2,250.16 3 1
c4tui/backend/client.go:250.16,252.3 1 1
c4tui/backend/client.go:253.2,253.18 1 1
c4tui/backend/client.go:258.73,261.21 3 1
c4tui/backend/client.go:261.21,264.17 3 1
c4tui/backend/client.go:264.17,266.4 1 0
c4tui/backend/client.go:267.3,267.19 1 1
c4tui/backend/client.go:270.2,276.43 4 1
c4tui/backend/client.go:276.43,277.18 1 1
c4tui/backend/client.go:277.18,279.11 2 1
c4tui/backend/client.go:280.32,281.36 1 1
c4tui/backend/client.go:282.31,282.31 0 1
c4tui/backend/client.go:285.3,285.33 1 1
c4tui/backend/client.go:285.33,287.4 1 0
c4tui/backend/client.go:289.3,290.23 2 1
c4tui/backend/client.go:290.23,293.4 2 1
c4tui/backend/client.go:294.3,295.17 2 1
c4tui/backend/client.go:295.17,296.12 1 1
c4tui/backend/client.go:298.3,298.81 1 1
c4tui/backend/client.go:298.81,299.35 1 1
c4tui/backend/client.go:299.35,302.5 1 1
c4tui/backend/client.go:303.4,305.12 3 0
c4tui/backend/client.go:307.3,307.19 1 1
c4tui/backend/client.go:309.2,309.16 1 0
c4tui/backend/client.go:309.16,311.3 1 0
c4tui/backend/client.go:312.2,312.18 1 0
c4tui/backend/client.go:315.53,316.17 1 1
c4tui/backend/client.go:316.17,318.3 1 0
c4tui/backend/client.go:319.2,320.53 2 1
c4tui/backend/client.go:320.53,322.17 2 1
c4tui/backend/client.go:322.17,324.4 1 0
c4tui/backend/client.go:325.3,325.96 1 1
c4tui/backend/client.go:327.2,327.63 1 1
c4tui/backend/client.go:327.63,330.3 2 0
c4tui/backend/client.go:331.2,331.12 1 1
c4tui/backend/client.go:339.71,341.16 2 1
c4tui/backend/client.go:341.16,343.3 1 1
c4tui/backend/client.go:344.2,345.45 2 1
c4tui/backend/client.go:345.45,347.3 1 1
c4tui/backend/client.go:348.2,348.16 1 1
c4tui/backend/client.go:352.96,354.16 2 1
c4tui/backend/client.go:354.16,356.3 1 1
c4tui/backend/client.go:357.2,358.45 2 1
c4tui/backend/client.go:358.45,360.3 1 1
c4tui/backend/client.go:361.2,361.16 1 1
c4tui/backend/client.go:365.87,367.16 2 1
c4tui/backend/client.go:367.16,369.3 1 0
c4tui/backend/client.go:370.2,371.45 2 1
c4tui/backend/client.go:371.45,373.3 1 0
c4tui/backend/client.go:374.2,374.16 1 1
c4tui/backend/client.go:378.90,380.16 2 1
c4tui/backend/client.go:380.16,382.3 1 0
c4tui/backend/client.go:383.2,384.45 2 1
c4tui/backend/client.go:384.45,386.3 1 0
c4tui/backend/client.go:387.2,387.16 1 1
c4tui/backend/client.go:391.90,393.16 2 1
c4tui/backend/client.go:393.16,395.3 1 0
c4tui/backend/client.go:396.2,397.45 2 1
c4tui/backend/client.go:397.45,399.3 1 0
c4tui/backend/client.go:400.2,400.16 1 1
c4tui/backend/client.go:404.91,406.16 2 1
c4tui/backend/client.go:406.16,408.3 1 0
c4tui/backend/client.go:409.2,410.45 2 1
c4tui/backend/client.go:410.45,412.3 1 0
c4tui/backend/client.go:413.2,413.16 1 1
c4tui/backend/client.go:417.102,419.16 2 1
c4tui/backend/client.go:419.16,421.3 1 0
c4tui/backend/client.go:422.2,423.45 2 1
c4tui/backend/client.go:423.45,425.3 1 0
c4tui/backend/client.go:426.2,426.16 1 1
c4tui/backend/cmd.go:99.82,100.24 1 0
c4tui/backend/cmd.go:100.24,101.15 1 0
c4tui/backend/cmd.go:101.15,103.4 1 0
c4tui/backend/cmd.go:104.3,107.17 4 0
c4tui/backend/cmd.go:107.17,109.4 1 0
c4tui/backend/cmd.go:110.3,110.40 1 0
c4tui/backend/cmd.go:115.79,116.24 1 0
c4tui/backend/cmd.go:116.24,117.15 1 0
c4tui/backend/cmd.go:117.15,119.4 1 0
c4tui/backend/cmd.go:120.3,123.17 4 0
c4tui/backend/cmd.go:123.17,125.4 1 0
c4tui/backend/cmd.go:126.3,126.37 1 0
c4tui/backend/cmd.go:131.70,132.24 1 0
c4tui/backend/cmd.go:132.24,133.15 1 0
c4tui/backend/cmd.go:133.15,135.4 1 0
c4tui/backend/cmd.go:136.3,139.17 4 0
c4tui/backend/cmd.go:139.17,141.4 1 0
c4tui/backend/cmd.go:142.3,142.31 1 0
c4tui/backend/cmd.go:147.77,148.24 1 0
c4tui/backend/cmd.go:148.24,149.15 1 0
c4tui/backend/cmd.go:149.15,151.4 1 0
c4tui/backend/cmd.go:152.3,155.17 4 0
c4tui/backend/cmd.go:155.17,157.4 1 0
c4tui/backend/cmd.go:158.3,158.31 1 0
c4tui/backend/cmd.go:163.76,164.24 1 0
c4tui/backend/cmd.go:164.24,165.15 1 0
c4tui/backend/cmd.go:165.15,167.4 1 0
c4tui/backend/cmd.go:168.3,171.17 4 0
c4tui/backend/cmd.go:171.17,173.4 1 0
c4tui/backend/cmd.go:174.3,174.35 1 0
c4tui/backend/cmd.go:179.79,180.24 1 0
c4tui/backend/cmd.go:180.24,181.15 1 0
c4tui/backend/cmd.go:181.15,183.4 1 0
c4tui/backend/cmd.go:184.3,187.17 4 0
c4tui/backend/cmd.go:187.17,189.4 1 0
c4tui/backend/cmd.go:190.3,190.37 1 0
c4tui/backend/cmd.go:195.96,196.24 1 0
c4tui/backend/cmd.go:196.24,197.15 1 0
c4tui/backend/cmd.go:197.15,199.4 1 0
c4tui/backend/cmd.go:200.3,203.17 4 0
c4tui/backend/cmd.go:203.17,205.4 1 0
c4tui/backend/cmd.go:206.3,207.27 2 0
c4tui/backend/cmd.go:207.27,209.4 1 0
c4tui/backend/cmd.go:210.3,210.38 1 0
c4tui/backend/cmd.go:217.71,218.24 1 0
c4tui/backend/cmd.go:218.24,219.34 1 0
c4tui/backend/cmd.go:219.34,221.4 1 0
c4tui/backend/cmd.go:223.3,225.44 3 0
c4tui/backend/cmd.go:225.44,226.19 1 0
c4tui/backend/cmd.go:226.19,227.12 1 0
c4tui/backend/cmd.go:228.23,229.76 1 0
c4tui/backend/cmd.go:230.72,230.72 0 0
c4tui/backend/cmd.go:233.4,236.18 4 0
c4tui/backend/cmd.go:236.18,237.10 1 0
c4tui/backend/cmd.go:240.3,240.17 1 0
c4tui/backend/cmd.go:240.17,242.4 1 0
c4tui/backend/cmd.go:243.3,243.34 1 0
c4tui/backend/cmd.go:243.34,245.4 1 0
c4tui/backend/cmd.go:246.3,246.32 1 0
c4tui/backend/cmd.go:246.32,248.4 1 0
c4tui/backend/cmd.go:249.3,254.4 1 0
c4tui/backend/cmd.go:259.76,260.24 1 0
c4tui/backend/cmd.go:260.24,261.34 1 0
c4tui/backend/cmd.go:261.34,263.4 1 0
c4tui/backend/cmd.go:264.3,265.17 2 0
c4tui/backend/cmd.go:265.17,267.4 1 0
c4tui/backend/cmd.go:268.3,268.53 1 0
c4tui/backend/cmd.go:273.69,274.24 1 0
c4tui/backend/cmd.go:274.24,275.10 1 0
c4tui/backend/cmd.go:276.30,277.11 1 0
c4tui/backend/cmd.go:277.11,279.5 1 0
c4tui/backend/cmd.go:280.4,280.36 1 0
c4tui/backend/cmd.go:281.27,282.11 1 0
c4tui/backend/cmd.go:282.11,284.5 1 0
c4tui/backend/cmd.go:285.4,285.32 1 0
c4tui/backend/cmd.go:291.41,292.18 1 0
c4tui/backend/cmd.go:293.15,295.17 2 0
c4tui/backend/cmd.go:295.17,297.4 1 0
c4tui/backend/cmd.go:298.3,303.4 1 0
c4tui/backend/cmd.go:304.18,306.17 2 0
c4tui/backend/cmd.go:306.17,308.4 1 0
c4tui/backend/cmd.go:309.3,313.4 1 0
c4tui/backend/cmd.go:314.16,316.17 2 0
c4tui/backend/cmd.go:316.17,318.4 1 0
c4tui/backend/cmd.go:319.3,322.4 1 0
c4tui/backend/cmd.go:324.2,324.77 1 0
c4tui/backend/rate_limiter.go:16.41,18.2 1 0
c4tui/backend/rate_limiter.go:29.70,35.2 1 1
c4tui/backend/rate_limiter.go:38.40,40.2 1 1
c4tui/backend/rate_limiter.go:43.46,44.12 1 1
c4tui/backend/rate_limiter.go:44.12,46.3 1 1
c4tui/backend/rate_limiter.go:47.2,55.29 7 1
c4tui/backend/rate_limiter.go:55.29,56.24 1 1
c4tui/backend/rate_limiter.go:56.24,59.9 3 1
c4tui/backend/rate_limiter.go:62.2,62.12 1 1
c4tui/backend/rate_limiter.go:62.12,64.3 1 1
c4tui/backend/rate_limiter.go:64.8,66.3 1 1
c4tui/backend/rate_limiter.go:68.2,68.35 1 1
c4tui/backend/rate_limiter.go:68.35,70.24 2 1
c4tui/backend/rate_limiter.go:70.24,72.4 1 1
c4tui/backend/rate_limiter.go:73.3,77.4 1 1
c4tui/backend/rate_limiter.go:79.2,79.25 1 1
c4tui/backend/rate_limiter.go:79.25,81.3 1 1
c4tui/backend/rate_limiter.go:82.2,82.12 1 1
c4tui/backend/rate_limiter.go:86.32,90.2 3 1
c4tui/backend/sse.go:37.105,39.16 2 1
c4tui/backend/sse.go:39.16,41.3 1 0
c4tui/backend/sse.go:42.2,45.23 4 1
c4tui/backend/sse.go:45.23,47.3 1 0
c4tui/backend/sse.go:48.2,51.16 3 1
c4tui/backend/sse.go:51.16,53.3 1 0
c4tui/backend/sse.go:54.2,54.38 1 1
c4tui/backend/sse.go:54.38,57.3 2 1
c4tui/backend/sse.go:59.2,63.12 4 1
c4tui/backend/sse.go:63.12,64.16 1 1
c4tui/backend/sse.go:64.16,65.32 1 1
c4tui/backend/sse.go:65.32,66.12 1 0
c4tui/backend/sse.go:67.60,67.60 0 0
c4tui/backend/sse.go:68.13,68.13 0 0
c4tui/backend/sse.go:72.3,78.47 4 1
c4tui/backend/sse.go:78.47,78.68 1 0
c4tui/backend/sse.go:79.3,88.22 7 1
c4tui/backend/sse.go:88.22,89.11 1 1
c4tui/backend/sse.go:90.22,91.12 1 0
c4tui/backend/sse.go:92.29,92.29 0 0
c4tui/backend/sse.go:93.13,93.13 0 0
c4tui/backend/sse.go:95.5,95.11 1 0
c4tui/backend/sse.go:96.12,96.12 0 1
c4tui/backend/sse.go:99.4,100.18 2 1
c4tui/backend/sse.go:100.18,101.50 1 1
c4tui/backend/sse.go:101.50,102.13 1 1
c4tui/backend/sse.go:103.29,103.29 0 1
c4tui/backend/sse.go:104.24,105.14 1 0
c4tui/backend/sse.go:106.31,106.31 0 0
c4tui/backend/sse.go:107.15,107.15 0 0
c4tui/backend/sse.go:109.7,109.13 1 0
c4tui/backend/sse.go:111.6,111.26 1 1
c4tui/backend/sse.go:113.5,113.13 1 1
c4tui/backend/sse.go:115.4,115.41 1 1
c4tui/backend/sse.go:115.41,117.5 1 1
c4tui/backend/sse.go:117.10,117.47 1 1
c4tui/backend/sse.go:117.47,119.5 1 1
c4tui/backend/sse.go:122.3,122.39 1 1
c4tui/backend/sse.go:122.39,123.11 1 0
c4tui/backend/sse.go:124.22,124.22 0 0
c4tui/backend/sse.go:125.12,125.12 0 0
c4tui/backend/sse.go:130.2,130.27 1 1
c4tui/backend/sse.go:134.56,136.57 2 1
c4tui/backend/sse.go:136.57,138.3 1 0
c4tui/backend/sse.go:139.2,139.16 1 1
c4tui/backend/sse.go:143.58,145.57 2 1
c4tui/backend/sse.go:145.57,147.3 1 0
c4tui/backend/sse.go:148.2,148.16 1 1
c4tui/widgets/c4grid.go:78.42,80.2 1 1
c4tui/widgets/c4grid.go:83.45,86.2 2 0
c4tui/widgets/c4grid.go:89.41,92.19 3 0
c4tui/widgets/c4grid.go:92.19,94.3 1 0
c4tui/widgets/c4grid.go:97.46,99.89 2 0
c4tui/widgets/c4grid.go:99.89,100.60 1 0
c4tui/widgets/c4grid.go:100.60,102.4 1 0
c4tui/widgets/c4grid.go:107.44,109.9 2 1
c4tui/widgets/c4grid.go:109.9,111.3 1 0
c4tui/widgets/c4grid.go:112.2,112.25 1 1
c4tui/widgets/c4grid.go:113.13,114.40 1 1
c4tui/widgets/c4grid.go:115.14,116.13 1 1
c4tui/widgets/c4grid.go:117.15,118.12 1 1
c4tui/widgets/c4grid.go:119.12,120.12 1 1
c4tui/widgets/c4grid.go:121.14,122.13 1 1
c4tui/widgets/c4grid.go:123.18,124.36 1 0
c4tui/widgets/c4grid.go:125.20,126.36 1 0
c4tui/widgets/c4grid.go:128.2,128.10 1 1
c4tui/widgets/c4grid.go:131.34,133.2 1 1
c4tui/widgets/c4grid.go:136.26,138.2 1 0
c4tui/widgets/c4grid.go:141.101,145.9 4 0
c4tui/widgets/c4grid.go:145.9,147.3 1 0
c4tui/widgets/c4grid.go:149.2,149.12 1 0
c4tui/widgets/c4grid.go:149.12,151.3 1 0
c4tui/widgets/c4grid.go:153.2,154.15 2 0
c4tui/widgets/c4grid.go:154.15,156.3 1 0
c4tui/widgets/c4grid.go:157.2,157.31 1 0
c4tui/widgets/c4grid.go:161.31,164.9 3 0
c4tui/widgets/c4grid.go:164.9,166.3 1 0
c4tui/widgets/c4grid.go:169.2,170.20 2 0
c4tui/widgets/c4grid.go:170.20,172.3 1 0
c4tui/widgets/c4grid.go:173.2,173.20 1 0
c4tui/widgets/c4grid.go:173.20,175.3 1 0
c4tui/widgets/c4grid.go:176.2,176.20 1 0
c4tui/widgets/c4grid.go:176.20,178.3 1 0
c4tui/widgets/c4grid.go:179.2,184.20 5 0
c4tui/widgets/c4grid.go:184.20,186.3 1 0
c4tui/widgets/c4grid.go:187.2,200.22 7 0
c4tui/widgets/c4grid.go:200.22,201.22 1 0
c4tui/widgets/c4grid.go:201.22,203.4 1 0
c4tui/widgets/c4grid.go:206.2,216.3 5 0
c4tui/widgets/c4grid.go:220.40,222.12 2 0
c4tui/widgets/c4grid.go:222.12,224.3 1 0
c4tui/widgets/c4grid.go:227.2,232.26 5 0
c4tui/widgets/c4grid.go:232.26,245.12 4 0
c4tui/widgets/c4grid.go:245.12,247.4 1 0
c4tui/widgets/c4grid.go:251.2,251.21 1 0
c4tui/widgets/c4grid.go:251.21,256.3 2 0
c4tui/widgets/c4grid.go:258.2,266.50 2 0
c4tui/widgets/c4grid.go:269.21,270.11 1 0
c4tui/widgets/c4grid.go:270.11,272.3 1 0
c4tui/widgets/c4grid.go:273.2,273.10 1 0
c4tui/widgets/chat.go:27.38,30.2 2 1
c4tui/widgets/chat.go:33.43,36.43 3 0
c4tui/widgets/chat.go:36.43,39.3 2 0
c4tui/widgets/chat.go:43.33,45.28 2 1
c4tui/widgets/chat.go:45.28,47.3 1 0
c4tui/widgets/chat.go:48.2,52.29 5 1
c4tui/widgets/chat.go:52.29,54.3 1 0
c4tui/widgets/chat.go:55.2,56.25 2 1
c4tui/widgets/chat.go:59.46,60.9 1 1
c4tui/widgets/chat.go:61.40,62.37 1 1
c4tui/widgets/chat.go:63.41,64.39 1 1
c4tui/widgets/chat.go:65.45,66.39 1 1
c4tui/widgets/chat.go:67.42,68.41 1 0
c4tui/widgets/chat.go:69.39,70.43 1 0
c4tui/widgets/chat.go:71.43,72.42 1 0
c4tui/widgets/chat.go:73.43,74.44 1 0
c4tui/widgets/chat.go:75.10,76.14 1 1
c4tui/widgets/chat.go:81.51,85.2 3 1
c4tui/widgets/chat.go:88.38,90.12 2 1
c4tui/widgets/chat.go:90.12,92.3 1 1
c4tui/widgets/chat.go:95.2,101.17 6 1
c4tui/widgets/chat.go:101.17,103.3 1 1
c4tui/widgets/chat.go:104.2,105.12 2 1
c4tui/widgets/chat.go:105.12,107.3 1 1
c4tui/widgets/chat.go:108.2,109.23 2 1
c4tui/widgets/chat.go:109.23,120.3 2 0
c4tui/widgets/chat.go:121.2,121.43 1 1
c4tui/widgets/header.go:67.42,78.2 3 1
c4tui/widgets/header.go:81.32,89.2 1 1
c4tui/widgets/header.go:92.55,93.27 1 1
c4tui/widgets/header.go:94.20,98.73 3 1
c4tui/widgets/header.go:99.23,101.16 2 1
c4tui/widgets/header.go:102.21,104.16 2 0
c4tui/widgets/header.go:105.21,108.27 2 1
c4tui/widgets/header.go:108.27,110.4 1 1
c4tui/widgets/header.go:110.9,112.4 1 1
c4tui/widgets/header.go:113.3,113.28 1 1
c4tui/widgets/header.go:114.20,116.16 2 0
c4tui/widgets/header.go:117.10,120.16 3 0
c4tui/widgets/header.go:125.42,126.26 1 1
c4tui/widgets/header.go:126.26,128.3 1 1
c4tui/widgets/header.go:129.2,130.24 2 1
c4tui/widgets/header.go:130.24,132.3 1 1
c4tui/widgets/header.go:136.40,143.15 4 1
c4tui/widgets/header.go:143.15,145.3 1 0
c4tui/widgets/header.go:148.2,149.15 2 1
c4tui/widgets/header.go:149.15,151.3 1 1
c4tui/widgets/header.go:154.2,181.3 5 1
c4tui/widgets/header.go:185.47,186.26 1 1
c4tui/widgets/header.go:186.26,188.3 1 1
c4tui/widgets/header.go:189.2,189.101 1 0
c4tui/widgets/header.go:193.38,195.2 1 0
c4tui/widgets/header.go:205.30,206.59 1 0
c4tui/widgets/header.go:206.59,208.3 1 0
c4tui/widgets/header.go:211.25,213.9 2 1
c4tui/widgets/header.go:214.30,215.16 1 0
c4tui/widgets/header.go:216.31,217.18 1 0
c4tui/widgets/header.go:218.31,219.16 1 0
c4tui/widgets/header.go:220.10,221.16 1 1
c4tui/widgets/header.go:225.29,226.59 1 1
c4tui/widgets/header.go:226.59,228.3 1 1
c4tui/widgets/header.go:231.30,232.59 1 1
c4tui/widgets/header.go:232.59,234.3 1 0
c4tui/widgets/header.go:237.28,238.24 1 1
c4tui/widgets/header.go:238.24,242.37 2 1
c4tui/widgets/header.go:242.37,244.4 1 0
c4tui/widgets/header.go:244.9,246.4 1 1
c4tui/widgets/header.go:249.3,250.17 2 1
c4tui/widgets/header.go:250.17,253.4 2 1
c4tui/widgets/header.go:253.9,255.4 1 0
c4tui/widgets/header.go:258.3,260.83 2 1
c4tui/widgets/help.go:21.38,23.2 1 0
c4tui/widgets/help.go:26.25,28.2 1 1
c4tui/widgets/help.go:41.36,42.24 1 1
c4tui/widgets/help.go:42.24,44.3 1 0
c4tui/widgets/help.go:45.2,45.41 1 1
c4tui/widgets/help.go:49.28,50.46 1 0
c4tui/widgets/help.go:50.46,52.3 1 0
c4tui/widgets/help.go:53.2,54.27 2 0
c4tui/widgets/help.go:58.38,66.16 6 1
c4tui/widgets/help.go:66.16,68.3 1 1
c4tui/widgets/help.go:70.2,97.69 3 1
c4tui/widgets/inputbar.go:32.46,70.2 22 1
c4tui/widgets/inputbar.go:82.42,84.42 2 0
c4tui/widgets/inputbar.go:84.42,86.3 1 0
c4tui/widgets/inputbar.go:90.48,93.15 3 0
c4tui/widgets/inputbar.go:93.15,95.3 1 0
c4tui/widgets/inputbar.go:96.2,96.17 1 0
c4tui/widgets/inputbar.go:96.17,99.3 1 0
c4tui/widgets/inputbar.go:99.8,99.24 1 0
c4tui/widgets/inputbar.go:99.24,101.3 1 0
c4tui/widgets/inputbar.go:105.60,109.37 4 0
c4tui/widgets/inputbar.go:109.37,111.3 1 0
c4tui/widgets/inputbar.go:112.2,112.16 1 0
c4tui/widgets/inputbar.go:116.48,119.2 2 0
c4tui/widgets/inputbar.go:122.38,123.26 1 0
c4tui/widgets/inputbar.go:123.26,125.3 1 0
c4tui/widgets/inputbar.go:126.2,126.23 1 0
c4tui/widgets/inputbar.go:126.23,129.3 1 0
c4tui/widgets/inputbar.go:129.8,129.30 1 0
c4tui/widgets/inputbar.go:129.30,131.3 1 0
c4tui/widgets/inputbar.go:131.8,133.3 1 0
c4tui/widgets/inputbar.go:134.2,136.13 3 0
c4tui/widgets/inputbar.go:140.40,141.47 1 0
c4tui/widgets/inputbar.go:141.47,143.3 1 0
c4tui/widgets/inputbar.go:144.2,145.38 2 0
c4tui/widgets/inputbar.go:145.38,149.3 3 0
c4tui/widgets/inputbar.go:150.2,152.13 3 0
c4tui/widgets/inputbar.go:155.40,157.16 2 1
c4tui/widgets/inputbar.go:157.16,159.3 1 0
c4tui/widgets/inputbar.go:160.2,160.54 1 1
c4tui/widgets/inputbar.go:163.41,164.24 1 0
c4tui/widgets/inputbar.go:164.24,166.17 2 0
c4tui/widgets/inputbar.go:166.17,168.4 1 0
c4tui/widgets/inputbar.go:169.3,172.13 4 0
c4tui/widgets/inputbar.go:176.33,178.16 2 1
c4tui/widgets/inputbar.go:178.16,180.3 1 1
c4tui/widgets/inputbar.go:181.2,182.61 2 0
c4tui/widgets/inputbar.go:186.38,189.12 3 1
c4tui/widgets/inputbar.go:189.12,192.3 2 1
c4tui/widgets/inputbar.go:193.2,193.9 1 1
c4tui/widgets/inputbar.go:194.75,195.29 1 1
c4tui/widgets/inputbar.go:196.65,197.29 1 1
c4tui/widgets/inputbar.go:198.60,199.36 1 1
c4tui/widgets/inputbar.go:200.10,201.32 1 1
c4tui/widgets/inputbar.go:207.50,208.27 1 1
c4tui/widgets/inputbar.go:208.27,210.16 2 1
c4tui/widgets/inputbar.go:210.16,211.12 1 1
c4tui/widgets/inputbar.go:214.3,217.24 3 1
c4tui/widgets/inputbar.go:217.24,219.4 1 1
c4tui/widgets/inputbar.go:221.2,221.14 1 1
c4tui/widgets/inputbar.go:246.45,249.30 1 0
c4tui/widgets/inputbar.go:249.30,251.3 1 0
c4tui/widgets/inputbar.go:253.2,254.32 2 0
c4tui/widgets/inputbar.go:254.32,256.3 1 0
c4tui/widgets/inputbar.go:257.2,258.16 2 0
c4tui/widgets/inputbar.go:258.16,259.33 1 0
c4tui/widgets/inputbar.go:259.33,260.41 1 0
c4tui/widgets/inputbar.go:260.41,262.5 1 0
c4tui/widgets/inputbar.go:265.2,266.32 2 0
c4tui/widgets/inputbar.go:266.32,270.30 4 0
c4tui/widgets/inputbar.go:270.30,272.4 1 0
c4tui/widgets/inputbar.go:273.3,273.12 1 0
c4tui/widgets/inputbar.go:275.2,275.11 1 0
c4tui/widgets/inputbar.go:279.80,281.15 2 0
c4tui/widgets/inputbar.go:281.15,283.3 1 0
c4tui/widgets/inputbar.go:283.8,285.3 1 0
c4tui/widgets/inputbar.go:286.2,286.14 1 0
c4tui/widgets/inputbar.go:286.14,288.3 1 0
c4tui/widgets/inputbar.go:288.8,288.24 1 0
c4tui/widgets/inputbar.go:288.24,290.3 1 0
c4tui/widgets/inputbar.go:290.8,292.3 1 0
c4tui/widgets/inputbar.go:293.2,293.44 1 0
c4tui/widgets/inputbar.go:297.43,299.12 2 0
c4tui/widgets/inputbar.go:299.12,301.3 1 0
c4tui/widgets/inputbar.go:302.2,303.12 2 0
c4tui/widgets/inputbar.go:303.12,305.3 1 0
c4tui/widgets/inputbar.go:307.2,320.57 11 0
c4tui/widgets/inputbar.go:320.57,323.15 3 0
c4tui/widgets/inputbar.go:323.15,325.4 1 0
c4tui/widgets/inputbar.go:325.9,325.25 1 0
c4tui/widgets/inputbar.go:325.25,327.4 1 0
c4tui/widgets/inputbar.go:328.3,328.34 1 0
c4tui/widgets/inputbar.go:330.2,330.64 1 0
c4tui/widgets/inputbar.go:330.64,334.40 4 0
c4tui/widgets/inputbar.go:334.40,336.4 1 0
c4tui/widgets/inputbar.go:337.3,337.15 1 0
c4tui/widgets/inputbar.go:337.15,339.4 1 0
c4tui/widgets/inputbar.go:339.9,339.25 1 0
c4tui/widgets/inputbar.go:339.25,341.4 1 0
c4tui/widgets/inputbar.go:342.3,342.37 1 0
c4tui/widgets/inputbar.go:344.2,344.13 1 0
c4tui/widgets/inputbar.go:344.13,346.33 2 0
c4tui/widgets/inputbar.go:346.33,348.4 1 0
c4tui/widgets/inputbar.go:349.3,349.82 1 0
c4tui/widgets/inputbar.go:350.8,353.33 3 0
c4tui/widgets/inputbar.go:353.33,354.15 1 0
c4tui/widgets/inputbar.go:354.15,356.5 1 0
c4tui/widgets/inputbar.go:356.10,358.5 1 0
c4tui/widgets/inputbar.go:360.3,361.79 2 0
c4tui/widgets/inputbar.go:365.2,365.59 1 0
c4tui/widgets/inputbar.go:365.59,368.3 2 0
c4tui/widgets/inputbar.go:370.2,374.27 3 0
c4tui/widgets/inputbar.go:374.27,376.3 1 0
c4tui/widgets/inputbar.go:377.2,377.73 1 0
c4tui/widgets/mascot.go:29.32,30.11 1 1
c4tui/widgets/mascot.go:31.23,32.15 1 1
c4tui/widgets/mascot.go:33.20,34.15 1 1
c4tui/widgets/mascot.go:35.24,36.15 1 1
c4tui/widgets/mascot.go:37.20,38.15 1 1
c4tui/widgets/mascot.go:39.10,40.15 1 1
c4tui/widgets/mascot.go:67.49,76.2 1 1
c4tui/widgets/mascot.go:107.47,108.20 1 1
c4tui/widgets/mascot.go:108.20,110.3 1 1
c4tui/widgets/mascot.go:111.2,113.23 3 1
c4tui/widgets/mascot.go:113.23,115.3 1 1
c4tui/widgets/mascot.go:119.39,122.2 2 0
c4tui/widgets/mascot.go:125.67,128.2 2 0
c4tui/widgets/mascot.go:131.69,132.20 1 1
c4tui/widgets/mascot.go:133.19,140.48 4 1
c4tui/widgets/mascot.go:140.48,143.4 2 0
c4tui/widgets/mascot.go:146.3,146.76 1 1
c4tui/widgets/mascot.go:146.76,148.4 1 0
c4tui/widgets/mascot.go:149.3,149.80 1 1
c4tui/widgets/mascot.go:149.80,151.4 1 0
c4tui/widgets/mascot.go:152.3,152.76 1 1
c4tui/widgets/mascot.go:152.76,154.4 1 0
c4tui/widgets/mascot.go:155.3,155.80 1 1
c4tui/widgets/mascot.go:155.80,157.4 1 0
c4tui/widgets/mascot.go:159.3,159.63 1 1
c4tui/widgets/mascot.go:159.63,159.87 1 0
c4tui/widgets/mascot.go:161.2,161.15 1 0
c4tui/widgets/mascot.go:165.39,166.59 1 0
c4tui/widgets/mascot.go:166.59,166.83 1 0
c4tui/widgets/mascot.go:192.33,193.28 1 1
c4tui/widgets/mascot.go:193.28,195.3 1 1
c4tui/widgets/mascot.go:196.2,198.13 3 1
c4tui/widgets/mascot.go:203.46,210.22 5 1
c4tui/widgets/mascot.go:210.22,211.26 1 1
c4tui/widgets/mascot.go:211.26,213.4 1 1
c4tui/widgets/mascot.go:217.2,236.31 16 1
c4tui/widgets/mascot.go:236.31,238.3 1 1
c4tui/widgets/mascot.go:241.2,241.64 1 1
c4tui/widgets/mascot.go:241.64,246.3 4 1
c4tui/widgets/mascot.go:246.8,246.42 1 0
c4tui/widgets/mascot.go:246.42,247.33 1 0
c4tui/widgets/mascot.go:247.33,248.16 1 0
c4tui/widgets/mascot.go:248.16,251.5 2 0
c4tui/widgets/mascot.go:256.2,256.31 1 1
c4tui/widgets/mascot.go:256.31,257.36 1 1
c4tui/widgets/mascot.go:257.36,259.4 1 1
c4tui/widgets/mascot.go:263.2,263.31 1 1
c4tui/widgets/mascot.go:263.31,265.26 2 0
c4tui/widgets/mascot.go:265.26,266.26 1 0
c4tui/widgets/mascot.go:266.26,268.5 1 0
c4tui/widgets/mascot.go:269.4,269.26 1 0
c4tui/widgets/mascot.go:269.26,271.5 1 0
c4tui/widgets/mascot.go:273.3,273.26 1 0
c4tui/widgets/mascot.go:273.26,274.26 1 0
c4tui/widgets/mascot.go:274.26,276.5 1 0
c4tui/widgets/mascot.go:277.4,277.26 1 0
c4tui/widgets/mascot.go:277.26,279.5 1 0
c4tui/widgets/mascot.go:284.2,285.22 2 1
c4tui/widgets/mascot.go:285.22,287.3 1 1
c4tui/widgets/mascot.go:288.2,288.14 1 1
c4tui/widgets/mascot.go:292.47,294.12 2 1
c4tui/widgets/mascot.go:294.12,296.3 1 1
c4tui/widgets/mascot.go:298.2,306.19 6 1
c4tui/widgets/mascot.go:307.23,308.56 1 0
c4tui/widgets/mascot.go:309.20,310.57 1 1
c4tui/widgets/mascot.go:311.24,312.56 1 0
c4tui/widgets/mascot.go:313.20,314.53 1 0
c4tui/widgets/mascot.go:318.2,325.35 7 1
c4tui/widgets/mascot.go:325.35,327.37 2 1
c4tui/widgets/mascot.go:327.37,329.11 2 1
c4tui/widgets/mascot.go:330.21,331.50 1 1
c4tui/widgets/mascot.go:332.20,333.48 1 1
c4tui/widgets/mascot.go:334.21,335.54 1 1
c4tui/widgets/mascot.go:336.32,337.17 1 1
c4tui/widgets/mascot.go:337.17,339.6 1 0
c4tui/widgets/mascot.go:339.11,341.6 1 1
c4tui/widgets/mascot.go:342.66,343.50 1 1
c4tui/widgets/mascot.go:344.54,346.95 1 1
c4tui/widgets/mascot.go:346.95,348.6 1 1
c4tui/widgets/mascot.go:348.11,350.6 1 1
c4tui/widgets/mascot.go:351.12,352.48 1 0
c4tui/widgets/mascot.go:355.3,355.64 1 1
c4tui/widgets/mascot.go:358.2,362.23 3 1
c4tui/widgets/mascot.go:362.23,367.3 4 0
c4tui/widgets/mascot.go:370.2,400.12 10 1
c4tui/widgets/mascot.go:400.12,402.3 1 1
c4tui/widgets/mascot.go:403.2,403.43 1 1
c4tui/widgets/mascot.go:406.84,409.16 3 1
c4tui/widgets/mascot.go:409.16,411.3 1 0
c4tui/widgets/mascot.go:412.2,412.21 1 1
c4tui/widgets/mascot.go:412.21,414.3 1 0
c4tui/widgets/mascot.go:415.2,421.16 5 1
c4tui/widgets/mascot.go:421.16,423.3 1 1
c4tui/widgets/mascot.go:424.2,424.65 1 1
c4tui/widgets/mascot.go:428.52,431.2 2 0
c4tui/widgets/pipeline.go:55.34,57.31 1 1
c4tui/widgets/pipeline.go:57.31,58.16 1 1
c4tui/widgets/pipeline.go:58.16,60.4 1 1
c4tui/widgets/pipeline.go:63.2,63.31 1 1
c4tui/widgets/pipeline.go:63.31,64.61 1 1
c4tui/widgets/pipeline.go:64.61,66.4 1 0
c4tui/widgets/pipeline.go:68.2,68.11 1 1
c4tui/widgets/pipeline.go:73.39,83.31 2 1
c4tui/widgets/pipeline.go:83.31,85.3 1 0
c4tui/widgets/pipeline.go:86.2,86.18 1 1
c4tui/widgets/pipeline.go:90.46,92.22 2 1
c4tui/widgets/pipeline.go:92.22,97.3 1 1
c4tui/widgets/pipeline.go:98.2,104.3 1 1
c4tui/widgets/pipeline.go:108.47,112.18 4 0
c4tui/widgets/pipeline.go:112.18,114.3 1 0
c4tui/widgets/pipeline.go:115.2,115.24 1 0
c4tui/widgets/pipeline.go:115.24,117.3 1 0
c4tui/widgets/pipeline.go:121.28,127.28 6 1
c4tui/widgets/pipeline.go:127.28,131.3 3 1
c4tui/widgets/pipeline.go:135.37,136.24 1 0
c4tui/widgets/pipeline.go:136.24,143.3 3 0
c4tui/widgets/pipeline.go:147.27,149.2 1 1
c4tui/widgets/pipeline.go:152.75,154.13 2 1
c4tui/widgets/pipeline.go:154.13,156.3 1 0
c4tui/widgets/pipeline.go:157.2,161.27 4 1
c4tui/widgets/pipeline.go:161.27,163.3 1 1
c4tui/widgets/pipeline.go:165.2,165.9 1 1
c4tui/widgets/pipeline.go:166.48,170.28 4 0
c4tui/widgets/pipeline.go:170.28,171.30 1 0
c4tui/widgets/pipeline.go:171.30,174.5 2 0
c4tui/widgets/pipeline.go:176.50,178.19 2 1
c4tui/widgets/pipeline.go:179.47,180.26 1 0
c4tui/widgets/pipeline.go:183.2,186.29 3 1
c4tui/widgets/pipeline.go:186.29,188.3 1 1
c4tui/widgets/pipeline.go:189.2,191.53 2 1
c4tui/widgets/pipeline.go:191.53,193.3 1 1
c4tui/widgets/pipeline.go:194.2,195.16 2 1
c4tui/widgets/pipeline.go:195.16,197.3 1 0
c4tui/widgets/pipeline.go:198.2,198.25 1 1
c4tui/widgets/pipeline.go:198.25,200.3 1 0
c4tui/widgets/pipeline.go:204.59,206.24 2 0
c4tui/widgets/pipeline.go:206.24,208.40 2 0
c4tui/widgets/pipeline.go:208.40,210.4 1 0
c4tui/widgets/pipeline.go:211.3,211.17 1 0
c4tui/widgets/pipeline.go:211.17,213.4 1 0
c4tui/widgets/pipeline.go:215.2,215.30 1 0
c4tui/widgets/pipeline.go:222.42,224.17 2 1
c4tui/widgets/pipeline.go:224.17,226.3 1 0
c4tui/widgets/pipeline.go:227.2,232.31 4 1
c4tui/widgets/pipeline.go:232.31,233.17 1 1
c4tui/widgets/pipeline.go:233.17,235.4 1 0
c4tui/widgets/pipeline.go:236.3,236.17 1 1
c4tui/widgets/pipeline.go:236.17,238.4 1 0
c4tui/widgets/pipeline.go:242.2,252.58 9 1
c4tui/widgets/pipeline.go:252.58,258.19 3 1
c4tui/widgets/pipeline.go:258.19,260.4 1 0
c4tui/widgets/pipeline.go:261.3,261.41 1 1
c4tui/widgets/pipeline.go:264.2,264.33 1 1
c4tui/widgets/pipeline.go:264.33,266.28 2 0
c4tui/widgets/pipeline.go:266.28,269.4 2 0
c4tui/widgets/pipeline.go:270.3,271.17 2 0
c4tui/widgets/pipeline.go:271.17,273.4 1 0
c4tui/widgets/pipeline.go:274.3,274.33 1 0
c4tui/widgets/pipeline.go:275.8,278.41 2 1
c4tui/widgets/pipeline.go:278.41,281.4 2 1
c4tui/widgets/pipeline.go:282.3,282.57 1 1
c4tui/widgets/pipeline.go:285.2,285.25 1 1
c4tui/widgets/pipeline.go:285.25,288.19 3 1
c4tui/widgets/pipeline.go:288.19,290.4 1 0
c4tui/widgets/pipeline.go:292.3,294.17 3 1
c4tui/widgets/pipeline.go:295.14,296.28 1 0
c4tui/widgets/pipeline.go:297.14,298.26 1 0
c4tui/widgets/pipeline.go:299.14,300.33 1 1
c4tui/widgets/pipeline.go:301.11,302.26 1 1
c4tui/widgets/pipeline.go:305.3,306.15 2 1
c4tui/widgets/pipeline.go:306.15,308.4 1 1
c4tui/widgets/pipeline.go:309.3,310.48 2 1
c4tui/widgets/pipeline.go:314.2,314.20 1 1
c4tui/widgets/pipeline.go:314.20,316.21 2 1
c4tui/widgets/pipeline.go:316.21,318.4 1 0
c4tui/widgets/pipeline.go:319.3,319.56 1 1
c4tui/widgets/pipeline.go:320.8,320.23 1 0
c4tui/widgets/pipeline.go:320.23,323.3 2 0
c4tui/widgets/pipeline.go:325.2,326.18 2 1
c4tui/widgets/pipeline.go:326.18,328.3 1 0
c4tui/widgets/pipeline.go:329.2,329.82 1 1
c4tui/widgets/result.go:31.42,38.2 1 0
c4tui/widgets/result.go:41.45,44.15 3 0
c4tui/widgets/result.go:44.15,46.3 1 0
c4tui/widgets/result.go:46.8,48.3 1 0
c4tui/widgets/result.go:49.2,49.16 1 0
c4tui/widgets/result.go:49.16,51.3 1 0
c4tui/widgets/result.go:51.8,53.3 1 0
c4tui/widgets/result.go:57.55,61.2 3 0
c4tui/widgets/result.go:64.44,65.9 1 1
c4tui/widgets/result.go:66.63,67.50 1 0
c4tui/widgets/result.go:68.33,69.50 1 1
c4tui/widgets/result.go:70.33,71.51 1 0
c4tui/widgets/result.go:72.33,73.51 1 0
c4tui/widgets/result.go:74.10,75.48 1 0
c4tui/widgets/result.go:80.36,81.9 1 1
c4tui/widgets/result.go:82.63,83.17 1 0
c4tui/widgets/result.go:84.33,85.16 1 1
c4tui/widgets/result.go:86.33,87.17 1 0
c4tui/widgets/result.go:88.33,89.19 1 0
c4tui/widgets/result.go:90.10,91.17 1 0
c4tui/widgets/result.go:96.78,107.2 2 1
c4tui/widgets/result.go:110.31,123.19 9 1
c4tui/widgets/result.go:123.19,125.3 1 1
c4tui/widgets/result.go:126.2,144.15 9 1
c4tui/widgets/result.go:144.15,146.3 1 1
c4tui/widgets/result.go:147.2,151.19 5 1
c4tui/widgets/result.go:151.19,153.3 1 0
c4tui/widgets/result.go:153.8,155.3 1 1
c4tui/widgets/result.go:156.2,160.31 3 1
c4tui/widgets/result.go:160.31,162.38 2 1
c4tui/widgets/result.go:162.38,163.15 1 1
c4tui/widgets/result.go:163.15,164.10 1 0
c4tui/widgets/result.go:166.4,167.19 2 1
c4tui/widgets/result.go:167.19,169.5 1 0
c4tui/widgets/result.go:170.4,172.16 3 1
c4tui/widgets/result.go:172.16,174.19 2 0
c4tui/widgets/result.go:174.19,176.6 1 0
c4tui/widgets/result.go:176.11,176.26 1 0
c4tui/widgets/result.go:176.26,178.6 1 0
c4tui/widgets/result.go:179.5,179.99 1 0
c4tui/widgets/result.go:181.4,182.45 1 1
c4tui/widgets/result.go:187.2,187.28 1 1
c4tui/widgets/result.go:187.28,190.35 3 1
c4tui/widgets/result.go:190.35,191.15 1 1
c4tui/widgets/result.go:191.15,192.10 1 0
c4tui/widgets/result.go:194.4,195.19 2 1
c4tui/widgets/result.go:195.19,197.5 1 0
c4tui/widgets/result.go:198.4,198.19 1 1
c4tui/widgets/result.go:198.19,200.5 1 0
c4tui/widgets/result.go:201.4,203.16 3 1
c4tui/widgets/result.go:203.16,205.5 1 0
c4tui/widgets/result.go:206.4,208.20 3 1
c4tui/widgets/result.go:208.20,210.5 1 0
c4tui/widgets/result.go:211.4,213.25 1 1
c4tui/widgets/result.go:218.2,222.22 4 1
c4tui/widgets/result.go:226.65,227.17 1 0
c4tui/widgets/result.go:227.17,229.3 1 0
c4tui/widgets/result.go:230.2,236.37 7 0
c4tui/widgets/result.go:236.37,243.3 1 0
c4tui/widgets/result.go:244.2,244.16 1 0
c4tui/widgets/result.go:248.64,249.17 1 0
c4tui/widgets/result.go:249.17,251.3 1 0
c4tui/widgets/result.go:252.2,256.19 5 0
c4tui/widgets/result.go:256.19,258.3 1 0
c4tui/widgets/result.go:258.8,260.3 1 0
c4tui/widgets/result.go:261.2,268.26 8 0
c4tui/widgets/result.go:268.26,271.35 3 0
c4tui/widgets/result.go:271.35,273.4 1 0
c4tui/widgets/result.go:275.2,275.50 1 0
c4tui/widgets/result.go:279.62,280.19 1 0
c4tui/widgets/result.go:280.19,282.3 1 0
c4tui/widgets/result.go:283.2,283.51 1 0
c4tui/widgets/result.go:283.51,285.3 1 0
c4tui/widgets/result.go:286.2,286.57 1 0
c4tui/widgets/result.go:286.57,288.3 1 0
c4tui/widgets/result.go:289.2,289.51 1 0
c4tui/widgets/result.go:289.51,291.3 1 0
c4tui/widgets/result.go:291.8,293.3 1 0
c4tui/widgets/result.go:295.2,295.67 1 0
c4tui/widgets/result.go:295.67,298.3 2 0
c4tui/widgets/result.go:298.8,301.3 2 0
c4tui/widgets/result.go:303.2,303.62 1 0
c4tui/widgets/result.go:303.62,305.28 2 0
c4tui/widgets/result.go:305.28,306.48 1 0
c4tui/widgets/result.go:306.48,308.5 1 0
c4tui/widgets/result.go:311.2,311.16 1 0
c4tui/widgets/result.go:327.40,329.17 2 1
c4tui/widgets/result.go:329.17,331.3 1 0
c4tui/widgets/result.go:332.2,333.12 2 1
c4tui/widgets/result.go:333.12,335.3 1 1
c4tui/widgets/result.go:338.2,344.19 6 1
c4tui/widgets/result.go:344.19,357.3 2 1
c4tui/widgets/result.go:359.2,361.65 2 0
c4tui/widgets/result.go:361.65,364.3 2 0
c4tui/widgets/result.go:365.2,365.43 1 0
c4tui/widgets/toast.go:20.23,22.2 1 1
c4tui/widgets/toast.go:25.40,30.2 4 1
c4tui/widgets/toast.go:33.31,35.2 1 1
c4tui/widgets/toast.go:38.39,39.18 1 1
c4tui/widgets/toast.go:39.18,41.3 1 1
c4tui/widgets/toast.go:42.2,43.12 2 1
c4tui/widgets/toast.go:43.12,45.3 1 1
c4tui/widgets/toast.go:46.2,47.16 2 1
c4tui/widgets/toast.go:48.17,49.37 1 1
c4tui/widgets/toast.go:50.14,51.36 1 0
c4tui/widgets/toast.go:52.15,53.33 1 0
c4tui/widgets/toast.go:54.10,55.34 1 0
c4tui/widgets/toast.go:57.2,59.32 2 1
